[0.034s] Invoking command in '/home/gabriel/repos/lunch-delivery-robot/robot/marmitron_ws/build/serial_comms': CMAKE_PREFIX_PATH=${CMAKE_PREFIX_PATH}:/opt/ros/kilted DEBUGINFOD_URLS=https://debuginfod.ubuntu.com /usr/bin/cmake --build /home/gabriel/repos/lunch-delivery-robot/robot/marmitron_ws/build/serial_comms -- -j16 -l16
[0.273s] [  5%] [32mBuilding CXX object CMakeFiles/serial_sensors_node.dir/src/serial_sensors_node.cpp.o[0m
[0.275s] [ 16%] Built target image_restamper_node
[0.315s] [ 61%] Built target serial_motors_node
[12.117s] [ 66%] [32m[1mLinking CXX executable serial_sensors_node[0m
[12.481s] [100%] Built target serial_sensors_node
[12.496s] Invoked command in '/home/gabriel/repos/lunch-delivery-robot/robot/marmitron_ws/build/serial_comms' returned '0': CMAKE_PREFIX_PATH=${CMAKE_PREFIX_PATH}:/opt/ros/kilted DEBUGINFOD_URLS=https://debuginfod.ubuntu.com /usr/bin/cmake --build /home/gabriel/repos/lunch-delivery-robot/robot/marmitron_ws/build/serial_comms -- -j16 -l16
[12.509s] Invoking command in '/home/gabriel/repos/lunch-delivery-robot/robot/marmitron_ws/build/serial_comms': CMAKE_PREFIX_PATH=${CMAKE_PREFIX_PATH}:/opt/ros/kilted DEBUGINFOD_URLS=https://debuginfod.ubuntu.com /usr/bin/cmake --install /home/gabriel/repos/lunch-delivery-robot/robot/marmitron_ws/build/serial_comms
[12.517s] -- Install configuration: ""
[12.518s] -- Execute custom install script
[12.519s] -- Up-to-date symlink: /home/gabriel/repos/lunch-delivery-robot/robot/marmitron_ws/install/serial_comms/lib/serial_comms/serial_sensors_node
[12.519s] -- Up-to-date symlink: /home/gabriel/repos/lunch-delivery-robot/robot/marmitron_ws/install/serial_comms/lib/serial_comms/serial_motors_node
[12.520s] -- Up-to-date symlink: /home/gabriel/repos/lunch-delivery-robot/robot/marmitron_ws/install/serial_comms/lib/serial_comms/image_restamper_node
[12.520s] -- Up-to-date symlink: /home/gabriel/repos/lunch-delivery-robot/robot/marmitron_ws/install/serial_comms/share/ament_index/resource_index/package_run_dependencies/serial_comms
[12.520s] -- Up-to-date symlink: /home/gabriel/repos/lunch-delivery-robot/robot/marmitron_ws/install/serial_comms/share/ament_index/resource_index/parent_prefix_path/serial_comms
[12.520s] -- Up-to-date symlink: /home/gabriel/repos/lunch-delivery-robot/robot/marmitron_ws/install/serial_comms/share/serial_comms/environment/ament_prefix_path.sh
[12.520s] -- Up-to-date symlink: /home/gabriel/repos/lunch-delivery-robot/robot/marmitron_ws/install/serial_comms/share/serial_comms/environment/ament_prefix_path.dsv
[12.521s] -- Up-to-date symlink: /home/gabriel/repos/lunch-delivery-robot/robot/marmitron_ws/install/serial_comms/share/serial_comms/environment/path.sh
[12.521s] -- Up-to-date symlink: /home/gabriel/repos/lunch-delivery-robot/robot/marmitron_ws/install/serial_comms/share/serial_comms/environment/path.dsv
[12.521s] -- Up-to-date symlink: /home/gabriel/repos/lunch-delivery-robot/robot/marmitron_ws/install/serial_comms/share/serial_comms/local_setup.bash
[12.521s] -- Up-to-date symlink: /home/gabriel/repos/lunch-delivery-robot/robot/marmitron_ws/install/serial_comms/share/serial_comms/local_setup.sh
[12.522s] -- Up-to-date symlink: /home/gabriel/repos/lunch-delivery-robot/robot/marmitron_ws/install/serial_comms/share/serial_comms/local_setup.zsh
[12.522s] -- Up-to-date symlink: /home/gabriel/repos/lunch-delivery-robot/robot/marmitron_ws/install/serial_comms/share/serial_comms/local_setup.dsv
[12.522s] -- Symlinking: /home/gabriel/repos/lunch-delivery-robot/robot/marmitron_ws/install/serial_comms/share/serial_comms/package.dsv
[12.533s] -- Up-to-date symlink: /home/gabriel/repos/lunch-delivery-robot/robot/marmitron_ws/install/serial_comms/share/ament_index/resource_index/packages/serial_comms
[12.534s] -- Up-to-date symlink: /home/gabriel/repos/lunch-delivery-robot/robot/marmitron_ws/install/serial_comms/share/serial_comms/cmake/serial_commsConfig.cmake
[12.534s] -- Up-to-date symlink: /home/gabriel/repos/lunch-delivery-robot/robot/marmitron_ws/install/serial_comms/share/serial_comms/cmake/serial_commsConfig-version.cmake
[12.535s] -- Up-to-date symlink: /home/gabriel/repos/lunch-delivery-robot/robot/marmitron_ws/install/serial_comms/share/serial_comms/package.xml
[12.537s] Invoked command in '/home/gabriel/repos/lunch-delivery-robot/robot/marmitron_ws/build/serial_comms' returned '0': CMAKE_PREFIX_PATH=${CMAKE_PREFIX_PATH}:/opt/ros/kilted DEBUGINFOD_URLS=https://debuginfod.ubuntu.com /usr/bin/cmake --install /home/gabriel/repos/lunch-delivery-robot/robot/marmitron_ws/build/serial_comms
