-- Found ament_cmake: 2.7.5 (/opt/ros/kilted/share/ament_cmake/cmake)
-- Found rclcpp: 29.5.8 (/opt/ros/kilted/share/rclcpp/cmake)
-- Found rosidl_generator_c: 4.9.6 (/opt/ros/kilted/share/rosidl_generator_c/cmake)
-- Found rosidl_generator_cpp: 4.9.6 (/opt/ros/kilted/share/rosidl_generator_cpp/cmake)
-- Using all available rosidl_typesupport_c: rosidl_typesupport_fastrtps_c;rosidl_typesupport_introspection_c
-- Using all available rosidl_typesupport_cpp: rosidl_typesupport_fastrtps_cpp;rosidl_typesupport_introspection_cpp
-- Found rmw_implementation_cmake: 7.8.2 (/opt/ros/kilted/share/rmw_implementation_cmake/cmake)
-- Found rmw_fastrtps_cpp: 9.3.4 (/opt/ros/kilted/share/rmw_fastrtps_cpp/cmake)
-- Using RMW implementation 'rmw_fastrtps_cpp' as default
-- Found sensor_msgs: 5.5.2 (/opt/ros/kilted/share/sensor_msgs/cmake)
-- Found ament_lint_auto: 0.19.3 (/opt/ros/kilted/share/ament_lint_auto/cmake)
-- Added test 'cppcheck' to perform static code analysis on C / C++ code
-- Configured cppcheck include dirs: /home/gabriel/repos/lunch-delivery-robot/robot/marmitron_ws/src/serial_comms/include;/home/gabriel/repos/lunch-delivery-robot/robot/marmitron_ws/src/serial_comms/include/serial_comms;/home/gabriel/repos/lunch-delivery-robot/robot/marmitron_ws/src/serial_comms/src
-- Configured cppcheck exclude dirs and/or files: 
-- Added test 'lint_cmake' to check CMake code style
-- Added test 'uncrustify' to check C / C++ code style
-- Configured uncrustify additional arguments: 
-- Added test 'xmllint' to check XML markup files
-- Configuring done (1.2s)
-- Generating done (0.0s)
-- Build files have been written to: /home/gabriel/repos/lunch-delivery-robot/robot/marmitron_ws/build/serial_comms
[ 27%] [32mBuilding CXX object CMakeFiles/serial_motors_node.dir/src/serial_motors_node.cpp.o[0m
[ 27%] [32mBuilding CXX object CMakeFiles/serial_sensors_node.dir/src/serial.cc.o[0m
[ 27%] [32mBuilding CXX object CMakeFiles/serial_sensors_node.dir/src/impl/unix.cc.o[0m
[ 27%] [32mBuilding CXX object CMakeFiles/serial_sensors_node.dir/src/serial_sensors_node.cpp.o[0m
[ 27%] [32mBuilding CXX object CMakeFiles/image_restamper_node.dir/src/image_restamper_node.cpp.o[0m
[ 38%] [32mBuilding CXX object CMakeFiles/serial_sensors_node.dir/src/impl/win.cc.o[0m
[ 38%] [32mBuilding CXX object CMakeFiles/serial_motors_node.dir/src/serial.cc.o[0m
[ 44%] [32mBuilding CXX object CMakeFiles/serial_motors_node.dir/src/impl/unix.cc.o[0m
[ 50%] [32mBuilding CXX object CMakeFiles/serial_motors_node.dir/src/impl/list_ports/list_ports_osx.cc.o[0m
[ 61%] [32mBuilding CXX object CMakeFiles/serial_sensors_node.dir/src/impl/list_ports/list_ports_linux.cc.o[0m
[ 61%] [32mBuilding CXX object CMakeFiles/serial_motors_node.dir/src/impl/list_ports/list_ports_linux.cc.o[0m
[ 66%] [32mBuilding CXX object CMakeFiles/serial_sensors_node.dir/src/impl/list_ports/list_ports_osx.cc.o[0m
[ 72%] [32mBuilding CXX object CMakeFiles/serial_sensors_node.dir/src/impl/list_ports/list_ports_win.cc.o[0m
[ 83%] [32mBuilding CXX object CMakeFiles/serial_motors_node.dir/src/impl/win.cc.o[0m
[ 83%] [32mBuilding CXX object CMakeFiles/serial_motors_node.dir/src/impl/list_ports/list_ports_win.cc.o[0m
[ 88%] [32m[1mLinking CXX executable image_restamper_node[0m
[ 88%] Built target image_restamper_node
