[ 27%] Built target image_restamper_node
[ 55%] Built target serial_sensors_node
[ 61%] [32mBuilding CXX object CMakeFiles/serial_motors_node.dir/src/serial_motors_node.cpp.o[0m
[ 66%] [32m[1mLinking CXX executable serial_motors_node[0m
[100%] Built target serial_motors_node
-- Install configuration: ""
-- Execute custom install script
-- Symlinking: /home/gabriel/repos/lunch-delivery-robot/robot/marmitron_ws/install/serial_comms/lib/serial_comms/serial_sensors_node
-- Symlinking: /home/gabriel/repos/lunch-delivery-robot/robot/marmitron_ws/install/serial_comms/lib/serial_comms/serial_motors_node
-- Symlinking: /home/gabriel/repos/lunch-delivery-robot/robot/marmitron_ws/install/serial_comms/lib/serial_comms/image_restamper_node
-- Symlinking: /home/gabriel/repos/lunch-delivery-robot/robot/marmitron_ws/install/serial_comms/share/ament_index/resource_index/package_run_dependencies/serial_comms
-- Symlinking: /home/gabriel/repos/lunch-delivery-robot/robot/marmitron_ws/install/serial_comms/share/ament_index/resource_index/parent_prefix_path/serial_comms
-- Symlinking: /home/gabriel/repos/lunch-delivery-robot/robot/marmitron_ws/install/serial_comms/share/serial_comms/environment/ament_prefix_path.sh
-- Symlinking: /home/gabriel/repos/lunch-delivery-robot/robot/marmitron_ws/install/serial_comms/share/serial_comms/environment/ament_prefix_path.dsv
-- Symlinking: /home/gabriel/repos/lunch-delivery-robot/robot/marmitron_ws/install/serial_comms/share/serial_comms/environment/path.sh
-- Symlinking: /home/gabriel/repos/lunch-delivery-robot/robot/marmitron_ws/install/serial_comms/share/serial_comms/environment/path.dsv
-- Symlinking: /home/gabriel/repos/lunch-delivery-robot/robot/marmitron_ws/install/serial_comms/share/serial_comms/local_setup.bash
-- Symlinking: /home/gabriel/repos/lunch-delivery-robot/robot/marmitron_ws/install/serial_comms/share/serial_comms/local_setup.sh
-- Symlinking: /home/gabriel/repos/lunch-delivery-robot/robot/marmitron_ws/install/serial_comms/share/serial_comms/local_setup.zsh
-- Symlinking: /home/gabriel/repos/lunch-delivery-robot/robot/marmitron_ws/install/serial_comms/share/serial_comms/local_setup.dsv
-- Symlinking: /home/gabriel/repos/lunch-delivery-robot/robot/marmitron_ws/install/serial_comms/share/serial_comms/package.dsv
-- Symlinking: /home/gabriel/repos/lunch-delivery-robot/robot/marmitron_ws/install/serial_comms/share/ament_index/resource_index/packages/serial_comms
-- Symlinking: /home/gabriel/repos/lunch-delivery-robot/robot/marmitron_ws/install/serial_comms/share/serial_comms/cmake/serial_commsConfig.cmake
-- Symlinking: /home/gabriel/repos/lunch-delivery-robot/robot/marmitron_ws/install/serial_comms/share/serial_comms/cmake/serial_commsConfig-version.cmake
-- Symlinking: /home/gabriel/repos/lunch-delivery-robot/robot/marmitron_ws/install/serial_comms/share/serial_comms/package.xml
