[0.183s] DEBUG:colcon:Command line arguments: ['/usr/bin/colcon', 'build']
[0.183s] DEBUG:colcon:Parsed command line arguments: Namespace(log_base=None, log_level=None, verb_name='build', build_base='build', install_base='install', merge_install=False, symlink_install=False, test_result_base=None, continue_on_error=False, executor='parallel', parallel_workers=16, event_handlers=None, ignore_user_meta=False, metas=['./colcon.meta'], base_paths=['.'], packages_ignore=None, packages_ignore_regex=None, paths=None, packages_up_to=None, packages_up_to_regex=None, packages_above=None, packages_above_and_dependencies=None, packages_above_depth=None, packages_select_by_dep=None, packages_skip_by_dep=None, packages_skip_up_to=None, packages_select_build_failed=False, packages_skip_build_finished=False, packages_select_test_failures=False, packages_skip_test_passed=False, packages_select=None, packages_skip=None, packages_select_regex=None, packages_skip_regex=None, packages_start=None, packages_end=None, allow_overriding=[], cmake_args=None, cmake_target=None, cmake_target_skip_unavailable=False, cmake_clean_cache=False, cmake_clean_first=False, cmake_force_configure=False, ament_cmake_args=None, catkin_cmake_args=None, catkin_skip_building_tests=False, mixin_files=None, mixin=None, verb_parser=<colcon_mixin.mixin.mixin_argument.MixinArgumentDecorator object at 0x7b8ca7147a10>, verb_extension=<colcon_core.verb.build.BuildVerb object at 0x7b8ca7147650>, main=<bound method BuildVerb.main of <colcon_core.verb.build.BuildVerb object at 0x7b8ca7147650>>, mixin_verb=('build',))
[0.251s] Level 1:colcon.colcon_core.package_discovery:discover_packages(colcon_meta) check parameters
[0.251s] Level 1:colcon.colcon_core.package_discovery:discover_packages(recursive) check parameters
[0.251s] Level 1:colcon.colcon_core.package_discovery:discover_packages(ignore) check parameters
[0.251s] Level 1:colcon.colcon_core.package_discovery:discover_packages(path) check parameters
[0.251s] Level 1:colcon.colcon_core.package_discovery:discover_packages(colcon_meta) discover
[0.251s] Level 1:colcon.colcon_core.package_discovery:discover_packages(recursive) discover
[0.251s] INFO:colcon.colcon_core.package_discovery:Crawling recursively for packages in '/home/gabriel/repos/lunch-delivery-robot/robot/marmitron_ws'
[0.252s] Level 1:colcon.colcon_core.package_identification:_identify(.) by extensions ['ignore', 'ignore_ament_install']
[0.252s] Level 1:colcon.colcon_core.package_identification:_identify(.) by extension 'ignore'
[0.252s] Level 1:colcon.colcon_core.package_identification:_identify(.) by extension 'ignore_ament_install'
[0.252s] Level 1:colcon.colcon_core.package_identification:_identify(.) by extensions ['colcon_pkg']
[0.252s] Level 1:colcon.colcon_core.package_identification:_identify(.) by extension 'colcon_pkg'
[0.252s] Level 1:colcon.colcon_core.package_identification:_identify(.) by extensions ['colcon_meta']
[0.252s] Level 1:colcon.colcon_core.package_identification:_identify(.) by extension 'colcon_meta'
[0.252s] Level 1:colcon.colcon_core.package_identification:_identify(.) by extensions ['ros']
[0.252s] Level 1:colcon.colcon_core.package_identification:_identify(.) by extension 'ros'
[0.295s] Level 1:colcon.colcon_core.package_identification:_identify(.) by extensions ['cmake', 'python']
[0.295s] Level 1:colcon.colcon_core.package_identification:_identify(.) by extension 'cmake'
[0.295s] Level 1:colcon.colcon_core.package_identification:_identify(.) by extension 'python'
[0.295s] Level 1:colcon.colcon_core.package_identification:_identify(.) by extensions ['python_setup_py']
[0.295s] Level 1:colcon.colcon_core.package_identification:_identify(.) by extension 'python_setup_py'
[0.296s] Level 1:colcon.colcon_core.package_identification:_identify(build) by extensions ['ignore', 'ignore_ament_install']
[0.296s] Level 1:colcon.colcon_core.package_identification:_identify(build) by extension 'ignore'
[0.296s] Level 1:colcon.colcon_core.package_identification:_identify(build) ignored
[0.296s] Level 1:colcon.colcon_core.package_identification:_identify(install) by extensions ['ignore', 'ignore_ament_install']
[0.296s] Level 1:colcon.colcon_core.package_identification:_identify(install) by extension 'ignore'
[0.296s] Level 1:colcon.colcon_core.package_identification:_identify(install) ignored
[0.296s] Level 1:colcon.colcon_core.package_identification:_identify(log) by extensions ['ignore', 'ignore_ament_install']
[0.297s] Level 1:colcon.colcon_core.package_identification:_identify(log) by extension 'ignore'
[0.297s] Level 1:colcon.colcon_core.package_identification:_identify(log) ignored
[0.297s] Level 1:colcon.colcon_core.package_identification:_identify(src) by extensions ['ignore', 'ignore_ament_install']
[0.297s] Level 1:colcon.colcon_core.package_identification:_identify(src) by extension 'ignore'
[0.297s] Level 1:colcon.colcon_core.package_identification:_identify(src) by extension 'ignore_ament_install'
[0.297s] Level 1:colcon.colcon_core.package_identification:_identify(src) by extensions ['colcon_pkg']
[0.297s] Level 1:colcon.colcon_core.package_identification:_identify(src) by extension 'colcon_pkg'
[0.297s] Level 1:colcon.colcon_core.package_identification:_identify(src) by extensions ['colcon_meta']
[0.297s] Level 1:colcon.colcon_core.package_identification:_identify(src) by extension 'colcon_meta'
[0.297s] Level 1:colcon.colcon_core.package_identification:_identify(src) by extensions ['ros']
[0.297s] Level 1:colcon.colcon_core.package_identification:_identify(src) by extension 'ros'
[0.298s] Level 1:colcon.colcon_core.package_identification:_identify(src) by extensions ['cmake', 'python']
[0.298s] Level 1:colcon.colcon_core.package_identification:_identify(src) by extension 'cmake'
[0.298s] Level 1:colcon.colcon_core.package_identification:_identify(src) by extension 'python'
[0.298s] Level 1:colcon.colcon_core.package_identification:_identify(src) by extensions ['python_setup_py']
[0.298s] Level 1:colcon.colcon_core.package_identification:_identify(src) by extension 'python_setup_py'
[0.298s] Level 1:colcon.colcon_core.package_identification:_identify(src/serial_comms) by extensions ['ignore', 'ignore_ament_install']
[0.298s] Level 1:colcon.colcon_core.package_identification:_identify(src/serial_comms) by extension 'ignore'
[0.298s] Level 1:colcon.colcon_core.package_identification:_identify(src/serial_comms) by extension 'ignore_ament_install'
[0.298s] Level 1:colcon.colcon_core.package_identification:_identify(src/serial_comms) by extensions ['colcon_pkg']
[0.298s] Level 1:colcon.colcon_core.package_identification:_identify(src/serial_comms) by extension 'colcon_pkg'
[0.298s] Level 1:colcon.colcon_core.package_identification:_identify(src/serial_comms) by extensions ['colcon_meta']
[0.298s] Level 1:colcon.colcon_core.package_identification:_identify(src/serial_comms) by extension 'colcon_meta'
[0.299s] Level 1:colcon.colcon_core.package_identification:_identify(src/serial_comms) by extensions ['ros']
[0.299s] Level 1:colcon.colcon_core.package_identification:_identify(src/serial_comms) by extension 'ros'
[0.302s] DEBUG:colcon.colcon_core.package_identification:Package 'src/serial_comms' with type 'ros.ament_cmake' and name 'serial_comms'
[0.303s] Level 1:colcon.colcon_core.package_discovery:discover_packages(recursive) using defaults
[0.303s] Level 1:colcon.colcon_core.package_discovery:discover_packages(ignore) discover
[0.303s] Level 1:colcon.colcon_core.package_discovery:discover_packages(ignore) using defaults
[0.303s] Level 1:colcon.colcon_core.package_discovery:discover_packages(path) discover
[0.303s] Level 1:colcon.colcon_core.package_discovery:discover_packages(path) using defaults
[0.333s] Level 1:colcon.colcon_core.package_discovery:discover_packages(prefix_path) check parameters
[0.333s] Level 1:colcon.colcon_core.package_discovery:discover_packages(prefix_path) discover
[0.335s] Level 1:colcon.colcon_core.package_discovery:discover_packages(prefix_path) using defaults
[0.336s] Level 5:colcon.colcon_core.verb:set package 'serial_comms' build argument 'cmake_args' from command line to 'None'
[0.336s] Level 5:colcon.colcon_core.verb:set package 'serial_comms' build argument 'cmake_target' from command line to 'None'
[0.336s] Level 5:colcon.colcon_core.verb:set package 'serial_comms' build argument 'cmake_target_skip_unavailable' from command line to 'False'
[0.336s] Level 5:colcon.colcon_core.verb:set package 'serial_comms' build argument 'cmake_clean_cache' from command line to 'False'
[0.336s] Level 5:colcon.colcon_core.verb:set package 'serial_comms' build argument 'cmake_clean_first' from command line to 'False'
[0.336s] Level 5:colcon.colcon_core.verb:set package 'serial_comms' build argument 'cmake_force_configure' from command line to 'False'
[0.336s] Level 5:colcon.colcon_core.verb:set package 'serial_comms' build argument 'ament_cmake_args' from command line to 'None'
[0.337s] Level 5:colcon.colcon_core.verb:set package 'serial_comms' build argument 'catkin_cmake_args' from command line to 'None'
[0.337s] Level 5:colcon.colcon_core.verb:set package 'serial_comms' build argument 'catkin_skip_building_tests' from command line to 'False'
[0.337s] DEBUG:colcon.colcon_core.verb:Building package 'serial_comms' with the following arguments: {'ament_cmake_args': None, 'build_base': '/home/gabriel/repos/lunch-delivery-robot/robot/marmitron_ws/build/serial_comms', 'catkin_cmake_args': None, 'catkin_skip_building_tests': False, 'cmake_args': None, 'cmake_clean_cache': False, 'cmake_clean_first': False, 'cmake_force_configure': False, 'cmake_target': None, 'cmake_target_skip_unavailable': False, 'install_base': '/home/gabriel/repos/lunch-delivery-robot/robot/marmitron_ws/install/serial_comms', 'merge_install': False, 'path': '/home/gabriel/repos/lunch-delivery-robot/robot/marmitron_ws/src/serial_comms', 'symlink_install': False, 'test_result_base': None}
[0.337s] INFO:colcon.colcon_core.executor:Executing jobs using 'parallel' executor
[0.338s] DEBUG:colcon.colcon_parallel_executor.executor.parallel:run_until_complete
[0.339s] INFO:colcon.colcon_ros.task.ament_cmake.build:Building ROS package in '/home/gabriel/repos/lunch-delivery-robot/robot/marmitron_ws/src/serial_comms' with build type 'ament_cmake'
[0.339s] INFO:colcon.colcon_cmake.task.cmake.build:Building CMake package in '/home/gabriel/repos/lunch-delivery-robot/robot/marmitron_ws/src/serial_comms'
[0.342s] INFO:colcon.colcon_core.plugin_system:Skipping extension 'colcon_core.shell.bat': Not used on non-Windows systems
[0.342s] INFO:colcon.colcon_core.shell:Skip shell extension 'powershell' for command environment: Not usable outside of PowerShell
[0.342s] DEBUG:colcon.colcon_core.shell:Skip shell extension 'dsv' for command environment
[0.354s] DEBUG:colcon.colcon_core.event_handler.log_command:Invoking command in '/home/gabriel/repos/lunch-delivery-robot/robot/marmitron_ws/build/serial_comms': DEBUGINFOD_URLS=https://debuginfod.ubuntu.com /usr/bin/cmake /home/gabriel/repos/lunch-delivery-robot/robot/marmitron_ws/src/serial_comms -DCMAKE_INSTALL_PREFIX=/home/gabriel/repos/lunch-delivery-robot/robot/marmitron_ws/install/serial_comms
[5.246s] DEBUG:colcon.colcon_parallel_executor.executor.parallel:run_until_complete was interrupted
[5.246s] DEBUG:colcon.colcon_parallel_executor.executor.parallel:run_until_complete again
[5.318s] DEBUG:colcon.colcon_core.event_handler.log_command:Invoked command in '/home/gabriel/repos/lunch-delivery-robot/robot/marmitron_ws/build/serial_comms' returned '-2': DEBUGINFOD_URLS=https://debuginfod.ubuntu.com /usr/bin/cmake /home/gabriel/repos/lunch-delivery-robot/robot/marmitron_ws/src/serial_comms -DCMAKE_INSTALL_PREFIX=/home/gabriel/repos/lunch-delivery-robot/robot/marmitron_ws/install/serial_comms
[5.342s] Level 1:colcon.colcon_core.environment:create_environment_scripts_only(serial_comms)
[5.346s] Level 1:colcon.colcon_core.environment:checking '/home/gabriel/repos/lunch-delivery-robot/robot/marmitron_ws/install/serial_comms' for CMake module files
[5.346s] Level 1:colcon.colcon_core.environment:checking '/home/gabriel/repos/lunch-delivery-robot/robot/marmitron_ws/install/serial_comms' for CMake config files
[5.347s] Level 1:colcon.colcon_core.environment:checking '/home/gabriel/repos/lunch-delivery-robot/robot/marmitron_ws/install/serial_comms/bin'
[5.347s] Level 1:colcon.colcon_core.environment:checking '/home/gabriel/repos/lunch-delivery-robot/robot/marmitron_ws/install/serial_comms/lib/pkgconfig/serial_comms.pc'
[5.350s] Level 1:colcon.colcon_core.environment:checking '/home/gabriel/repos/lunch-delivery-robot/robot/marmitron_ws/install/serial_comms/lib/python3.12/site-packages'
[5.351s] Level 1:colcon.colcon_core.environment:checking '/home/gabriel/repos/lunch-delivery-robot/robot/marmitron_ws/install/serial_comms/bin'
[5.351s] INFO:colcon.colcon_core.shell:Creating package script '/home/gabriel/repos/lunch-delivery-robot/robot/marmitron_ws/install/serial_comms/share/serial_comms/package.ps1'
[5.353s] INFO:colcon.colcon_core.shell:Creating package descriptor '/home/gabriel/repos/lunch-delivery-robot/robot/marmitron_ws/install/serial_comms/share/serial_comms/package.dsv'
[5.353s] INFO:colcon.colcon_core.shell:Creating package script '/home/gabriel/repos/lunch-delivery-robot/robot/marmitron_ws/install/serial_comms/share/serial_comms/package.sh'
[5.354s] INFO:colcon.colcon_core.shell:Creating package script '/home/gabriel/repos/lunch-delivery-robot/robot/marmitron_ws/install/serial_comms/share/serial_comms/package.bash'
[5.355s] INFO:colcon.colcon_core.shell:Creating package script '/home/gabriel/repos/lunch-delivery-robot/robot/marmitron_ws/install/serial_comms/share/serial_comms/package.zsh'
[5.356s] Level 1:colcon.colcon_core.environment:create_file_with_runtime_dependencies(/home/gabriel/repos/lunch-delivery-robot/robot/marmitron_ws/install/serial_comms/share/colcon-core/packages/serial_comms)
[5.367s] DEBUG:colcon.colcon_parallel_executor.executor.parallel:run_until_complete finished
[5.367s] DEBUG:colcon.colcon_parallel_executor.executor.parallel:closing loop
[5.367s] DEBUG:colcon.colcon_parallel_executor.executor.parallel:loop closed
[5.367s] DEBUG:colcon.colcon_core.event_reactor:joining thread
[5.375s] INFO:colcon.colcon_core.plugin_system:Skipping extension 'colcon_notification.desktop_notification.terminal_notifier': Not used on non-Darwin systems
[5.376s] INFO:colcon.colcon_core.plugin_system:Skipping extension 'colcon_notification.desktop_notification.win32': Not used on non-Windows systems
[5.376s] INFO:colcon.colcon_notification.desktop_notification:Sending desktop notification using 'notify2'
[5.398s] DEBUG:colcon.colcon_core.event_reactor:joined thread
[5.398s] INFO:colcon.colcon_core.shell:Creating prefix script '/home/gabriel/repos/lunch-delivery-robot/robot/marmitron_ws/install/local_setup.ps1'
[5.401s] INFO:colcon.colcon_core.shell:Creating prefix util module '/home/gabriel/repos/lunch-delivery-robot/robot/marmitron_ws/install/_local_setup_util_ps1.py'
[5.403s] INFO:colcon.colcon_core.shell:Creating prefix chain script '/home/gabriel/repos/lunch-delivery-robot/robot/marmitron_ws/install/setup.ps1'
[5.405s] INFO:colcon.colcon_core.shell:Creating prefix script '/home/gabriel/repos/lunch-delivery-robot/robot/marmitron_ws/install/local_setup.sh'
[5.406s] INFO:colcon.colcon_core.shell:Creating prefix util module '/home/gabriel/repos/lunch-delivery-robot/robot/marmitron_ws/install/_local_setup_util_sh.py'
[5.406s] INFO:colcon.colcon_core.shell:Creating prefix chain script '/home/gabriel/repos/lunch-delivery-robot/robot/marmitron_ws/install/setup.sh'
[5.408s] INFO:colcon.colcon_core.shell:Creating prefix script '/home/gabriel/repos/lunch-delivery-robot/robot/marmitron_ws/install/local_setup.bash'
[5.409s] INFO:colcon.colcon_core.shell:Creating prefix chain script '/home/gabriel/repos/lunch-delivery-robot/robot/marmitron_ws/install/setup.bash'
[5.410s] INFO:colcon.colcon_core.shell:Creating prefix script '/home/gabriel/repos/lunch-delivery-robot/robot/marmitron_ws/install/local_setup.zsh'
[5.411s] INFO:colcon.colcon_core.shell:Creating prefix chain script '/home/gabriel/repos/lunch-delivery-robot/robot/marmitron_ws/install/setup.zsh'
