[0.023s] Invoking command in '/home/gabriel/repos/lunch-delivery-robot/robot/marmitron_ws/build/serial_comms': CMAKE_PREFIX_PATH=${CMAKE_PREFIX_PATH}:/opt/ros/kilted DEBUGINFOD_URLS=https://debuginfod.ubuntu.com /usr/bin/cmake --build /home/gabriel/repos/lunch-delivery-robot/robot/marmitron_ws/build/serial_comms -- -j16 -l16
[0.154s] [ 11%] Built target image_restamper_node
[0.175s] [ 16%] [32mBuilding CXX object CMakeFiles/serial_sensors_node.dir/src/serial_sensors_node.cpp.o[0m
[0.178s] [ 22%] [32mBuilding CXX object CMakeFiles/serial_motors_node.dir/src/serial_motors_node.cpp.o[0m
[10.134s] [ 27%] [32m[1mLinking CXX executable serial_sensors_node[0m
[10.459s] [ 61%] Built target serial_sensors_node
[11.490s] [ 66%] [32m[1mLinking CXX executable serial_motors_node[0m
[11.918s] [100%] Built target serial_motors_node
[11.934s] Invoked command in '/home/gabriel/repos/lunch-delivery-robot/robot/marmitron_ws/build/serial_comms' returned '0': CMAKE_PREFIX_PATH=${CMAKE_PREFIX_PATH}:/opt/ros/kilted DEBUGINFOD_URLS=https://debuginfod.ubuntu.com /usr/bin/cmake --build /home/gabriel/repos/lunch-delivery-robot/robot/marmitron_ws/build/serial_comms -- -j16 -l16
[11.945s] Invoking command in '/home/gabriel/repos/lunch-delivery-robot/robot/marmitron_ws/build/serial_comms': CMAKE_PREFIX_PATH=${CMAKE_PREFIX_PATH}:/opt/ros/kilted DEBUGINFOD_URLS=https://debuginfod.ubuntu.com /usr/bin/cmake --install /home/gabriel/repos/lunch-delivery-robot/robot/marmitron_ws/build/serial_comms
[11.953s] -- Install configuration: ""
[11.954s] -- Installing: /home/gabriel/repos/lunch-delivery-robot/robot/marmitron_ws/install/serial_comms/lib/serial_comms/serial_sensors_node
[11.957s] -- Set non-toolchain portion of runtime path of "/home/gabriel/repos/lunch-delivery-robot/robot/marmitron_ws/install/serial_comms/lib/serial_comms/serial_sensors_node" to ""
[11.957s] -- Installing: /home/gabriel/repos/lunch-delivery-robot/robot/marmitron_ws/install/serial_comms/lib/serial_comms/serial_motors_node
[11.961s] -- Set non-toolchain portion of runtime path of "/home/gabriel/repos/lunch-delivery-robot/robot/marmitron_ws/install/serial_comms/lib/serial_comms/serial_motors_node" to ""
[11.961s] -- Installing: /home/gabriel/repos/lunch-delivery-robot/robot/marmitron_ws/install/serial_comms/lib/serial_comms/image_restamper_node
[11.969s] -- Set non-toolchain portion of runtime path of "/home/gabriel/repos/lunch-delivery-robot/robot/marmitron_ws/install/serial_comms/lib/serial_comms/image_restamper_node" to ""
[11.969s] -- Installing: /home/gabriel/repos/lunch-delivery-robot/robot/marmitron_ws/install/serial_comms/share/ament_index/resource_index/package_run_dependencies/serial_comms
[11.970s] -- Installing: /home/gabriel/repos/lunch-delivery-robot/robot/marmitron_ws/install/serial_comms/share/ament_index/resource_index/parent_prefix_path/serial_comms
[11.970s] -- Installing: /home/gabriel/repos/lunch-delivery-robot/robot/marmitron_ws/install/serial_comms/share/serial_comms/environment/ament_prefix_path.sh
[11.970s] -- Installing: /home/gabriel/repos/lunch-delivery-robot/robot/marmitron_ws/install/serial_comms/share/serial_comms/environment/ament_prefix_path.dsv
[11.970s] -- Installing: /home/gabriel/repos/lunch-delivery-robot/robot/marmitron_ws/install/serial_comms/share/serial_comms/environment/path.sh
[11.971s] -- Installing: /home/gabriel/repos/lunch-delivery-robot/robot/marmitron_ws/install/serial_comms/share/serial_comms/environment/path.dsv
[11.971s] -- Installing: /home/gabriel/repos/lunch-delivery-robot/robot/marmitron_ws/install/serial_comms/share/serial_comms/local_setup.bash
[11.971s] -- Installing: /home/gabriel/repos/lunch-delivery-robot/robot/marmitron_ws/install/serial_comms/share/serial_comms/local_setup.sh
[11.971s] -- Installing: /home/gabriel/repos/lunch-delivery-robot/robot/marmitron_ws/install/serial_comms/share/serial_comms/local_setup.zsh
[11.971s] -- Installing: /home/gabriel/repos/lunch-delivery-robot/robot/marmitron_ws/install/serial_comms/share/serial_comms/local_setup.dsv
[11.971s] -- Installing: /home/gabriel/repos/lunch-delivery-robot/robot/marmitron_ws/install/serial_comms/share/serial_comms/package.dsv
[11.972s] -- Installing: /home/gabriel/repos/lunch-delivery-robot/robot/marmitron_ws/install/serial_comms/share/ament_index/resource_index/packages/serial_comms
[11.972s] -- Installing: /home/gabriel/repos/lunch-delivery-robot/robot/marmitron_ws/install/serial_comms/share/serial_comms/cmake/serial_commsConfig.cmake
[11.972s] -- Installing: /home/gabriel/repos/lunch-delivery-robot/robot/marmitron_ws/install/serial_comms/share/serial_comms/cmake/serial_commsConfig-version.cmake
[11.972s] -- Installing: /home/gabriel/repos/lunch-delivery-robot/robot/marmitron_ws/install/serial_comms/share/serial_comms/package.xml
[11.975s] Invoked command in '/home/gabriel/repos/lunch-delivery-robot/robot/marmitron_ws/build/serial_comms' returned '0': CMAKE_PREFIX_PATH=${CMAKE_PREFIX_PATH}:/opt/ros/kilted DEBUGINFOD_URLS=https://debuginfod.ubuntu.com /usr/bin/cmake --install /home/gabriel/repos/lunch-delivery-robot/robot/marmitron_ws/build/serial_comms
