[0.025s] Invoking command in '/home/gabriel/repos/lunch-delivery-robot/robot/marmitron_ws/build/serial_comms': CMAKE_PREFIX_PATH=${CMAKE_PREFIX_PATH}:/opt/ros/kilted DEBUGINFOD_URLS=https://debuginfod.ubuntu.com /usr/bin/cmake /home/gabriel/repos/lunch-delivery-robot/robot/marmitron_ws/src/serial_comms -DAMENT_CMAKE_SYMLINK_INSTALL=1 -DCMAKE_INSTALL_PREFIX=/home/gabriel/repos/lunch-delivery-robot/robot/marmitron_ws/install/serial_comms
[0.055s] -- Found ament_cmake: 2.7.5 (/opt/ros/kilted/share/ament_cmake/cmake)
[0.468s] -- Override CMake install command with custom implementation using symlinks instead of copying resources
[0.490s] -- Found rclcpp: 29.5.8 (/opt/ros/kilted/share/rclcpp/cmake)
[0.539s] -- Found rosidl_generator_c: 4.9.6 (/opt/ros/kilted/share/rosidl_generator_c/cmake)
[0.559s] -- Found rosidl_generator_cpp: 4.9.6 (/opt/ros/kilted/share/rosidl_generator_cpp/cmake)
[0.584s] -- Using all available rosidl_typesupport_c: rosidl_typesupport_fastrtps_c;rosidl_typesupport_introspection_c
[0.616s] -- Using all available rosidl_typesupport_cpp: rosidl_typesupport_fastrtps_cpp;rosidl_typesupport_introspection_cpp
[0.752s] -- Found rmw_implementation_cmake: 7.8.2 (/opt/ros/kilted/share/rmw_implementation_cmake/cmake)
[0.755s] -- Found rmw_fastrtps_cpp: 9.3.4 (/opt/ros/kilted/share/rmw_fastrtps_cpp/cmake)
[0.844s] -- Using RMW implementation 'rmw_fastrtps_cpp' as default
[1.017s] -- Found sensor_msgs: 5.5.2 (/opt/ros/kilted/share/sensor_msgs/cmake)
[1.137s] -- Found ament_lint_auto: 0.19.3 (/opt/ros/kilted/share/ament_lint_auto/cmake)
[1.322s] [0mCMake Deprecation Warning at /opt/ros/kilted/share/ament_cmake_target_dependencies/cmake/ament_target_dependencies.cmake:87 (message):
[1.323s]   ament_target_dependencies() is deprecated.  Use target_link_libraries()
[1.323s]   with modern CMake targets instead.  Try replacing this call with:
[1.323s] 
[1.323s]     target_link_libraries(serial_sensors_node PUBLIC
[1.324s]       ${geometry_msgs_TARGETS}
[1.324s]       ${sensor_msgs_TARGETS}
[1.324s]       rclcpp::rclcpp
[1.324s]       sensor_msgs::sensor_msgs_library
[1.324s]     )
[1.325s] 
[1.325s] Call Stack (most recent call first):
[1.325s]   CMakeLists.txt:48 (ament_target_dependencies)
[1.325s] 
[1.325s] [0m
[1.326s] [0mCMake Deprecation Warning at /opt/ros/kilted/share/ament_cmake_target_dependencies/cmake/ament_target_dependencies.cmake:87 (message):
[1.326s]   ament_target_dependencies() is deprecated.  Use target_link_libraries()
[1.326s]   with modern CMake targets instead.  Try replacing this call with:
[1.326s] 
[1.326s]     target_link_libraries(serial_motors_node PUBLIC
[1.326s]       ${geometry_msgs_TARGETS}
[1.327s]       ${sensor_msgs_TARGETS}
[1.327s]       rclcpp::rclcpp
[1.327s]       sensor_msgs::sensor_msgs_library
[1.327s]     )
[1.327s] 
[1.327s] Call Stack (most recent call first):
[1.327s]   CMakeLists.txt:68 (ament_target_dependencies)
[1.328s] 
[1.328s] [0m
[1.329s] [0mCMake Deprecation Warning at /opt/ros/kilted/share/ament_cmake_target_dependencies/cmake/ament_target_dependencies.cmake:87 (message):
[1.329s]   ament_target_dependencies() is deprecated.  Use target_link_libraries()
[1.329s]   with modern CMake targets instead.  Try replacing this call with:
[1.329s] 
[1.329s]     target_link_libraries(image_restamper_node PUBLIC
[1.330s]       ${sensor_msgs_TARGETS}
[1.330s]       rclcpp::rclcpp
[1.330s]       sensor_msgs::sensor_msgs_library
[1.330s]     )
[1.330s] 
[1.330s] Call Stack (most recent call first):
[1.330s]   CMakeLists.txt:77 (ament_target_dependencies)
[1.331s] 
[1.331s] [0m
[1.365s] -- Added test 'cppcheck' to perform static code analysis on C / C++ code
[1.366s] -- Configured cppcheck include dirs: /home/gabriel/repos/lunch-delivery-robot/robot/marmitron_ws/src/serial_comms/include;/home/gabriel/repos/lunch-delivery-robot/robot/marmitron_ws/src/serial_comms/include/serial_comms;/home/gabriel/repos/lunch-delivery-robot/robot/marmitron_ws/src/serial_comms/src
[1.366s] -- Configured cppcheck exclude dirs and/or files: 
[1.375s] -- Added test 'lint_cmake' to check CMake code style
[1.402s] -- Added test 'uncrustify' to check C / C++ code style
[1.402s] -- Configured uncrustify additional arguments: 
[1.406s] -- Added test 'xmllint' to check XML markup files
[1.411s] -- Configuring done (1.4s)
[1.468s] -- Generating done (0.0s)
[1.482s] -- Build files have been written to: /home/gabriel/repos/lunch-delivery-robot/robot/marmitron_ws/build/serial_comms
[1.501s] Invoked command in '/home/gabriel/repos/lunch-delivery-robot/robot/marmitron_ws/build/serial_comms' returned '0': CMAKE_PREFIX_PATH=${CMAKE_PREFIX_PATH}:/opt/ros/kilted DEBUGINFOD_URLS=https://debuginfod.ubuntu.com /usr/bin/cmake /home/gabriel/repos/lunch-delivery-robot/robot/marmitron_ws/src/serial_comms -DAMENT_CMAKE_SYMLINK_INSTALL=1 -DCMAKE_INSTALL_PREFIX=/home/gabriel/repos/lunch-delivery-robot/robot/marmitron_ws/install/serial_comms
[1.504s] Invoking command in '/home/gabriel/repos/lunch-delivery-robot/robot/marmitron_ws/build/serial_comms': CMAKE_PREFIX_PATH=${CMAKE_PREFIX_PATH}:/opt/ros/kilted DEBUGINFOD_URLS=https://debuginfod.ubuntu.com /usr/bin/cmake --build /home/gabriel/repos/lunch-delivery-robot/robot/marmitron_ws/build/serial_comms -- -j16 -l16
[1.644s] [  5%] [32m[1mLinking CXX executable image_restamper_node[0m
[1.651s] [ 11%] [32mBuilding CXX object CMakeFiles/serial_motors_node.dir/src/serial_motors_node.cpp.o[0m
[1.653s] [ 16%] [32m[1mLinking CXX executable serial_sensors_node[0m
[2.343s] [ 55%] Built target serial_sensors_node
[2.408s] [ 61%] Built target image_restamper_node
[5.387s] [01m[K/home/gabriel/repos/lunch-delivery-robot/robot/marmitron_ws/src/serial_comms/src/serial_motors_node.cpp:[m[K In constructor ‘[01m[KSerialMotorsNode::[01;32m[KSerialMotorsNode[m[K()[m[K’:
[5.388s] [01m[K/home/gabriel/repos/lunch-delivery-robot/robot/marmitron_ws/src/serial_comms/src/serial_motors_node.cpp:41:183:[m[K [01;31m[Kerror: [m[Kno match for ‘[01m[Koperator=[m[K’ (operand types are ‘[01m[Krclcpp::Subscription<float>::SharedPtr[m[K’ {aka ‘[01m[Kstd::shared_ptr<rclcpp::Subscription<float> >[m[K’} and ‘[01m[Kstd::shared_ptr<rclcpp::Subscription<std_msgs::msg::Float32_<std::allocator<void> >, std::allocator<void>, std_msgs::msg::Float32_<std::allocator<void> >, std_msgs::msg::Float32_<std::allocator<void> >, rclcpp::message_memory_strategy::MessageMemoryStrategy<std_msgs::msg::Float32_<std::allocator<void> >, std::allocator<void> > > >[m[K’)
[5.389s]    41 |         commandsEsq_sub_ = this->create_subscription<std_msgs::msg::Float32>(commandsEsq_topic_, 10, std::bind(&SerialMotorsNode::CommandSubEsq_callback, this, std::placeholders::_1)[01;31m[K)[m[K;
[5.389s]       |                                                                                                                                                                                       [01;31m[K^[m[K
[5.389s] In file included from [01m[K/usr/include/c++/13/memory:80[m[K,
[5.389s]                  from [01m[K/opt/ros/kilted/include/rclcpp/rclcpp/rclcpp.hpp:169[m[K,
[5.389s]                  from [01m[K/home/gabriel/repos/lunch-delivery-robot/robot/marmitron_ws/src/serial_comms/src/serial_motors_node.cpp:1[m[K:
[5.390s] [01m[K/usr/include/c++/13/bits/shared_ptr.h:418:9:[m[K [01;36m[Knote: [m[Kcandidate: ‘[01m[Ktemplate<class _Yp> std::shared_ptr<_Tp>::_Assignable<const std::shared_ptr<_Yp>&> std::shared_ptr<_Tp>::[01;32m[Koperator=[m[K(const std::shared_ptr<_Yp>&) [35m[K[with _Tp = rclcpp::Subscription<float>][m[K[m[K’
[5.390s]   418 |         [01;36m[Koperator[m[K=(const shared_ptr<_Yp>& __r) noexcept
[5.390s]       |         [01;36m[K^~~~~~~~[m[K
[5.390s] [01m[K/usr/include/c++/13/bits/shared_ptr.h:418:9:[m[K [01;36m[Knote: [m[K  template argument deduction/substitution failed:
[5.390s] /usr/include/c++/13/bits/shared_ptr.h: In substitution of ‘[01m[Ktemplate<class _Tp> template<class _Arg> using std::shared_ptr<_Tp>::_Assignable = typename std::enable_if<std::is_assignable<std::__shared_ptr<_Tp>&, _Arg>::value, std::shared_ptr<_Tp>&>::type [35m[K[with _Arg = const std::shared_ptr<rclcpp::Subscription<std_msgs::msg::Float32_<std::allocator<void> >, std::allocator<void>, std_msgs::msg::Float32_<std::allocator<void> >, std_msgs::msg::Float32_<std::allocator<void> >, rclcpp::message_memory_strategy::MessageMemoryStrategy<std_msgs::msg::Float32_<std::allocator<void> >, std::allocator<void> > > >&; _Tp = rclcpp::Subscription<float>][m[K[m[K’:
[5.390s] [01m[K/usr/include/c++/13/bits/shared_ptr.h:418:2:[m[K   required by substitution of ‘[01m[Ktemplate<class _Yp> std::shared_ptr<rclcpp::Subscription<float> >::_Assignable<const std::shared_ptr<_Tp>&> std::shared_ptr<rclcpp::Subscription<float> >::[01;32m[Koperator=[m[K(const std::shared_ptr<_Tp>&) [35m[K[with _Yp = rclcpp::Subscription<std_msgs::msg::Float32_<std::allocator<void> >, std::allocator<void>, std_msgs::msg::Float32_<std::allocator<void> >, std_msgs::msg::Float32_<std::allocator<void> >, rclcpp::message_memory_strategy::MessageMemoryStrategy<std_msgs::msg::Float32_<std::allocator<void> >, std::allocator<void> > >][m[K[m[K’
[5.390s] [01m[K/home/gabriel/repos/lunch-delivery-robot/robot/marmitron_ws/src/serial_comms/src/serial_motors_node.cpp:41:183:[m[K   required from here
[5.391s] [01m[K/usr/include/c++/13/bits/shared_ptr.h:183:15:[m[K [01;31m[Kerror: [m[Kno type named ‘[01m[Ktype[m[K’ in ‘[01m[Kstruct std::enable_if<false, std::shared_ptr<rclcpp::Subscription<float> >&>[m[K’
[5.391s]   183 |         using [01;31m[K_Assignable[m[K = typename enable_if<
[5.391s]       |               [01;31m[K^~~~~~~~~~~[m[K
[5.391s] [01m[K/usr/include/c++/13/bits/shared_ptr.h:429:9:[m[K [01;36m[Knote: [m[Kcandidate: ‘[01m[Ktemplate<class _Yp> std::shared_ptr<_Tp>::_Assignable<std::auto_ptr<_Up> > std::shared_ptr<_Tp>::[01;32m[Koperator=[m[K(std::auto_ptr<_Up>&&) [35m[K[with _Tp = rclcpp::Subscription<float>][m[K[m[K’
[5.391s]   429 |         [01;36m[Koperator[m[K=(auto_ptr<_Yp>&& __r)
[5.391s]       |         [01;36m[K^~~~~~~~[m[K
[5.391s] [01m[K/usr/include/c++/13/bits/shared_ptr.h:429:9:[m[K [01;36m[Knote: [m[K  template argument deduction/substitution failed:
[5.392s] [01m[K/home/gabriel/repos/lunch-delivery-robot/robot/marmitron_ws/src/serial_comms/src/serial_motors_node.cpp:41:183:[m[K [01;36m[Knote: [m[K  ‘[01m[Kstd::shared_ptr<rclcpp::Subscription<std_msgs::msg::Float32_<std::allocator<void> >, std::allocator<void>, std_msgs::msg::Float32_<std::allocator<void> >, std_msgs::msg::Float32_<std::allocator<void> >, rclcpp::message_memory_strategy::MessageMemoryStrategy<std_msgs::msg::Float32_<std::allocator<void> >, std::allocator<void> > > >[m[K’ is not derived from ‘[01m[Kstd::auto_ptr<_Up>[m[K’
[5.392s]    41 |         commandsEsq_sub_ = this->create_subscription<std_msgs::msg::Float32>(commandsEsq_topic_, 10, std::bind(&SerialMotorsNode::CommandSubEsq_callback, this, std::placeholders::_1)[01;36m[K)[m[K;
[5.392s]       |                                                                                                                                                                                       [01;36m[K^[m[K
[5.392s] [01m[K/usr/include/c++/13/bits/shared_ptr.h:446:9:[m[K [01;36m[Knote: [m[Kcandidate: ‘[01m[Ktemplate<class _Yp> std::shared_ptr<_Tp>::_Assignable<std::shared_ptr<_Yp> > std::shared_ptr<_Tp>::[01;32m[Koperator=[m[K(std::shared_ptr<_Yp>&&) [35m[K[with _Tp = rclcpp::Subscription<float>][m[K[m[K’
[5.392s]   446 |         [01;36m[Koperator[m[K=(shared_ptr<_Yp>&& __r) noexcept
[5.392s]       |         [01;36m[K^~~~~~~~[m[K
[5.393s] [01m[K/usr/include/c++/13/bits/shared_ptr.h:446:9:[m[K [01;36m[Knote: [m[K  template argument deduction/substitution failed:
[5.393s] /usr/include/c++/13/bits/shared_ptr.h: In substitution of ‘[01m[Ktemplate<class _Tp> template<class _Arg> using std::shared_ptr<_Tp>::_Assignable = typename std::enable_if<std::is_assignable<std::__shared_ptr<_Tp>&, _Arg>::value, std::shared_ptr<_Tp>&>::type [35m[K[with _Arg = std::shared_ptr<rclcpp::Subscription<std_msgs::msg::Float32_<std::allocator<void> >, std::allocator<void>, std_msgs::msg::Float32_<std::allocator<void> >, std_msgs::msg::Float32_<std::allocator<void> >, rclcpp::message_memory_strategy::MessageMemoryStrategy<std_msgs::msg::Float32_<std::allocator<void> >, std::allocator<void> > > >; _Tp = rclcpp::Subscription<float>][m[K[m[K’:
[5.393s] [01m[K/usr/include/c++/13/bits/shared_ptr.h:446:2:[m[K   required by substitution of ‘[01m[Ktemplate<class _Yp> std::shared_ptr<rclcpp::Subscription<float> >::_Assignable<std::shared_ptr<_Tp> > std::shared_ptr<rclcpp::Subscription<float> >::[01;32m[Koperator=[m[K(std::shared_ptr<_Tp>&&) [35m[K[with _Yp = rclcpp::Subscription<std_msgs::msg::Float32_<std::allocator<void> >, std::allocator<void>, std_msgs::msg::Float32_<std::allocator<void> >, std_msgs::msg::Float32_<std::allocator<void> >, rclcpp::message_memory_strategy::MessageMemoryStrategy<std_msgs::msg::Float32_<std::allocator<void> >, std::allocator<void> > >][m[K[m[K’
[5.393s] [01m[K/home/gabriel/repos/lunch-delivery-robot/robot/marmitron_ws/src/serial_comms/src/serial_motors_node.cpp:41:183:[m[K   required from here
[5.393s] [01m[K/usr/include/c++/13/bits/shared_ptr.h:183:15:[m[K [01;31m[Kerror: [m[Kno type named ‘[01m[Ktype[m[K’ in ‘[01m[Kstruct std::enable_if<false, std::shared_ptr<rclcpp::Subscription<float> >&>[m[K’
[5.393s]   183 |         using [01;31m[K_Assignable[m[K = typename enable_if<
[5.393s]       |               [01;31m[K^~~~~~~~~~~[m[K
[5.394s] [01m[K/usr/include/c++/13/bits/shared_ptr.h:454:9:[m[K [01;36m[Knote: [m[Kcandidate: ‘[01m[Ktemplate<class _Yp, class _Del> std::shared_ptr<_Tp>::_Assignable<std::unique_ptr<_Up, _Ep> > std::shared_ptr<_Tp>::[01;32m[Koperator=[m[K(std::unique_ptr<_Up, _Ep>&&) [35m[K[with _Del = _Yp; _Tp = rclcpp::Subscription<float>][m[K[m[K’
[5.394s]   454 |         [01;36m[Koperator[m[K=(unique_ptr<_Yp, _Del>&& __r)
[5.394s]       |         [01;36m[K^~~~~~~~[m[K
[5.394s] [01m[K/usr/include/c++/13/bits/shared_ptr.h:454:9:[m[K [01;36m[Knote: [m[K  template argument deduction/substitution failed:
[5.394s] [01m[K/home/gabriel/repos/lunch-delivery-robot/robot/marmitron_ws/src/serial_comms/src/serial_motors_node.cpp:41:183:[m[K [01;36m[Knote: [m[K  ‘[01m[Kstd::shared_ptr<rclcpp::Subscription<std_msgs::msg::Float32_<std::allocator<void> >, std::allocator<void>, std_msgs::msg::Float32_<std::allocator<void> >, std_msgs::msg::Float32_<std::allocator<void> >, rclcpp::message_memory_strategy::MessageMemoryStrategy<std_msgs::msg::Float32_<std::allocator<void> >, std::allocator<void> > > >[m[K’ is not derived from ‘[01m[Kstd::unique_ptr<_Tp, _Dp>[m[K’
[5.394s]    41 |         commandsEsq_sub_ = this->create_subscription<std_msgs::msg::Float32>(commandsEsq_topic_, 10, std::bind(&SerialMotorsNode::CommandSubEsq_callback, this, std::placeholders::_1)[01;36m[K)[m[K;
[5.395s]       |                                                                                                                                                                                       [01;36m[K^[m[K
[5.395s] [01m[K/usr/include/c++/13/bits/shared_ptr.h:414:19:[m[K [01;36m[Knote: [m[Kcandidate: ‘[01m[Kstd::shared_ptr<_Tp>& std::shared_ptr<_Tp>::[01;32m[Koperator=[m[K(const std::shared_ptr<_Tp>&) [35m[K[with _Tp = rclcpp::Subscription<float>][m[K[m[K’
[5.395s]   414 |       shared_ptr& [01;36m[Koperator[m[K=(const shared_ptr&) noexcept = default;
[5.395s]       |                   [01;36m[K^~~~~~~~[m[K
[5.395s] [01m[K/usr/include/c++/13/bits/shared_ptr.h:414:29:[m[K [01;36m[Knote: [m[K  no known conversion for argument 1 from ‘[01m[Kstd::shared_ptr<rclcpp::Subscription<std_msgs::msg::Float32_<std::allocator<void> >, std::allocator<void>, std_msgs::msg::Float32_<std::allocator<void> >, std_msgs::msg::Float32_<std::allocator<void> >, rclcpp::message_memory_strategy::MessageMemoryStrategy<std_msgs::msg::Float32_<std::allocator<void> >, std::allocator<void> > > >[m[K’ to ‘[01m[Kconst std::shared_ptr<rclcpp::Subscription<float> >&[m[K’
[5.395s]   414 |       shared_ptr& operator=([01;36m[Kconst shared_ptr&[m[K) noexcept = default;
[5.395s]       |                             [01;36m[K^~~~~~~~~~~~~~~~~[m[K
[5.396s] [01m[K/usr/include/c++/13/bits/shared_ptr.h:438:7:[m[K [01;36m[Knote: [m[Kcandidate: ‘[01m[Kstd::shared_ptr<_Tp>& std::shared_ptr<_Tp>::[01;32m[Koperator=[m[K(std::shared_ptr<_Tp>&&) [35m[K[with _Tp = rclcpp::Subscription<float>][m[K[m[K’
[5.396s]   438 |       [01;36m[Koperator[m[K=(shared_ptr&& __r) noexcept
[5.396s]       |       [01;36m[K^~~~~~~~[m[K
[5.396s] [01m[K/usr/include/c++/13/bits/shared_ptr.h:438:30:[m[K [01;36m[Knote: [m[K  no known conversion for argument 1 from ‘[01m[Kstd::shared_ptr<rclcpp::Subscription<std_msgs::msg::Float32_<std::allocator<void> >, std::allocator<void>, std_msgs::msg::Float32_<std::allocator<void> >, std_msgs::msg::Float32_<std::allocator<void> >, rclcpp::message_memory_strategy::MessageMemoryStrategy<std_msgs::msg::Float32_<std::allocator<void> >, std::allocator<void> > > >[m[K’ to ‘[01m[Kstd::shared_ptr<rclcpp::Subscription<float> >&&[m[K’
[5.396s]   438 |       operator=([01;36m[Kshared_ptr&& __r[m[K) noexcept
[5.396s]       |                 [01;36m[K~~~~~~~~~~~~~^~~[m[K
[5.396s] [01m[K/home/gabriel/repos/lunch-delivery-robot/robot/marmitron_ws/src/serial_comms/src/serial_motors_node.cpp:42:183:[m[K [01;31m[Kerror: [m[Kno match for ‘[01m[Koperator=[m[K’ (operand types are ‘[01m[Krclcpp::Subscription<float>::SharedPtr[m[K’ {aka ‘[01m[Kstd::shared_ptr<rclcpp::Subscription<float> >[m[K’} and ‘[01m[Kstd::shared_ptr<rclcpp::Subscription<std_msgs::msg::Float32_<std::allocator<void> >, std::allocator<void>, std_msgs::msg::Float32_<std::allocator<void> >, std_msgs::msg::Float32_<std::allocator<void> >, rclcpp::message_memory_strategy::MessageMemoryStrategy<std_msgs::msg::Float32_<std::allocator<void> >, std::allocator<void> > > >[m[K’)
[5.397s]    42 |         commandsDir_sub_ = this->create_subscription<std_msgs::msg::Float32>(commandsDir_topic_, 10, std::bind(&SerialMotorsNode::CommandSubDir_callback, this, std::placeholders::_1)[01;31m[K)[m[K;
[5.397s]       |                                                                                                                                                                                       [01;31m[K^[m[K
[5.397s] [01m[K/usr/include/c++/13/bits/shared_ptr.h:418:9:[m[K [01;36m[Knote: [m[Kcandidate: ‘[01m[Ktemplate<class _Yp> std::shared_ptr<_Tp>::_Assignable<const std::shared_ptr<_Yp>&> std::shared_ptr<_Tp>::[01;32m[Koperator=[m[K(const std::shared_ptr<_Yp>&) [35m[K[with _Tp = rclcpp::Subscription<float>][m[K[m[K’
[5.397s]   418 |         [01;36m[Koperator[m[K=(const shared_ptr<_Yp>& __r) noexcept
[5.397s]       |         [01;36m[K^~~~~~~~[m[K
[5.397s] [01m[K/usr/include/c++/13/bits/shared_ptr.h:418:9:[m[K [01;36m[Knote: [m[K  template argument deduction/substitution failed:
[5.398s] [01m[K/usr/include/c++/13/bits/shared_ptr.h:429:9:[m[K [01;36m[Knote: [m[Kcandidate: ‘[01m[Ktemplate<class _Yp> std::shared_ptr<_Tp>::_Assignable<std::auto_ptr<_Up> > std::shared_ptr<_Tp>::[01;32m[Koperator=[m[K(std::auto_ptr<_Up>&&) [35m[K[with _Tp = rclcpp::Subscription<float>][m[K[m[K’
[5.398s]   429 |         [01;36m[Koperator[m[K=(auto_ptr<_Yp>&& __r)
[5.398s]       |         [01;36m[K^~~~~~~~[m[K
[5.398s] [01m[K/usr/include/c++/13/bits/shared_ptr.h:429:9:[m[K [01;36m[Knote: [m[K  template argument deduction/substitution failed:
[5.398s] [01m[K/home/gabriel/repos/lunch-delivery-robot/robot/marmitron_ws/src/serial_comms/src/serial_motors_node.cpp:42:183:[m[K [01;36m[Knote: [m[K  ‘[01m[Kstd::shared_ptr<rclcpp::Subscription<std_msgs::msg::Float32_<std::allocator<void> >, std::allocator<void>, std_msgs::msg::Float32_<std::allocator<void> >, std_msgs::msg::Float32_<std::allocator<void> >, rclcpp::message_memory_strategy::MessageMemoryStrategy<std_msgs::msg::Float32_<std::allocator<void> >, std::allocator<void> > > >[m[K’ is not derived from ‘[01m[Kstd::auto_ptr<_Up>[m[K’
[5.398s]    42 |         commandsDir_sub_ = this->create_subscription<std_msgs::msg::Float32>(commandsDir_topic_, 10, std::bind(&SerialMotorsNode::CommandSubDir_callback, this, std::placeholders::_1)[01;36m[K)[m[K;
[5.398s]       |                                                                                                                                                                                       [01;36m[K^[m[K
[5.399s] [01m[K/usr/include/c++/13/bits/shared_ptr.h:446:9:[m[K [01;36m[Knote: [m[Kcandidate: ‘[01m[Ktemplate<class _Yp> std::shared_ptr<_Tp>::_Assignable<std::shared_ptr<_Yp> > std::shared_ptr<_Tp>::[01;32m[Koperator=[m[K(std::shared_ptr<_Yp>&&) [35m[K[with _Tp = rclcpp::Subscription<float>][m[K[m[K’
[5.399s]   446 |         [01;36m[Koperator[m[K=(shared_ptr<_Yp>&& __r) noexcept
[5.399s]       |         [01;36m[K^~~~~~~~[m[K
[5.399s] [01m[K/usr/include/c++/13/bits/shared_ptr.h:446:9:[m[K [01;36m[Knote: [m[K  template argument deduction/substitution failed:
[5.399s] [01m[K/usr/include/c++/13/bits/shared_ptr.h:454:9:[m[K [01;36m[Knote: [m[Kcandidate: ‘[01m[Ktemplate<class _Yp, class _Del> std::shared_ptr<_Tp>::_Assignable<std::unique_ptr<_Up, _Ep> > std::shared_ptr<_Tp>::[01;32m[Koperator=[m[K(std::unique_ptr<_Up, _Ep>&&) [35m[K[with _Del = _Yp; _Tp = rclcpp::Subscription<float>][m[K[m[K’
[5.399s]   454 |         [01;36m[Koperator[m[K=(unique_ptr<_Yp, _Del>&& __r)
[5.399s]       |         [01;36m[K^~~~~~~~[m[K
[5.400s] [01m[K/usr/include/c++/13/bits/shared_ptr.h:454:9:[m[K [01;36m[Knote: [m[K  template argument deduction/substitution failed:
[5.400s] [01m[K/home/gabriel/repos/lunch-delivery-robot/robot/marmitron_ws/src/serial_comms/src/serial_motors_node.cpp:42:183:[m[K [01;36m[Knote: [m[K  ‘[01m[Kstd::shared_ptr<rclcpp::Subscription<std_msgs::msg::Float32_<std::allocator<void> >, std::allocator<void>, std_msgs::msg::Float32_<std::allocator<void> >, std_msgs::msg::Float32_<std::allocator<void> >, rclcpp::message_memory_strategy::MessageMemoryStrategy<std_msgs::msg::Float32_<std::allocator<void> >, std::allocator<void> > > >[m[K’ is not derived from ‘[01m[Kstd::unique_ptr<_Tp, _Dp>[m[K’
[5.400s]    42 |         commandsDir_sub_ = this->create_subscription<std_msgs::msg::Float32>(commandsDir_topic_, 10, std::bind(&SerialMotorsNode::CommandSubDir_callback, this, std::placeholders::_1)[01;36m[K)[m[K;
[5.400s]       |                                                                                                                                                                                       [01;36m[K^[m[K
[5.400s] [01m[K/usr/include/c++/13/bits/shared_ptr.h:414:19:[m[K [01;36m[Knote: [m[Kcandidate: ‘[01m[Kstd::shared_ptr<_Tp>& std::shared_ptr<_Tp>::[01;32m[Koperator=[m[K(const std::shared_ptr<_Tp>&) [35m[K[with _Tp = rclcpp::Subscription<float>][m[K[m[K’
[5.400s]   414 |       shared_ptr& [01;36m[Koperator[m[K=(const shared_ptr&) noexcept = default;
[5.401s]       |                   [01;36m[K^~~~~~~~[m[K
[5.401s] [01m[K/usr/include/c++/13/bits/shared_ptr.h:414:29:[m[K [01;36m[Knote: [m[K  no known conversion for argument 1 from ‘[01m[Kstd::shared_ptr<rclcpp::Subscription<std_msgs::msg::Float32_<std::allocator<void> >, std::allocator<void>, std_msgs::msg::Float32_<std::allocator<void> >, std_msgs::msg::Float32_<std::allocator<void> >, rclcpp::message_memory_strategy::MessageMemoryStrategy<std_msgs::msg::Float32_<std::allocator<void> >, std::allocator<void> > > >[m[K’ to ‘[01m[Kconst std::shared_ptr<rclcpp::Subscription<float> >&[m[K’
[5.401s]   414 |       shared_ptr& operator=([01;36m[Kconst shared_ptr&[m[K) noexcept = default;
[5.401s]       |                             [01;36m[K^~~~~~~~~~~~~~~~~[m[K
[5.401s] [01m[K/usr/include/c++/13/bits/shared_ptr.h:438:7:[m[K [01;36m[Knote: [m[Kcandidate: ‘[01m[Kstd::shared_ptr<_Tp>& std::shared_ptr<_Tp>::[01;32m[Koperator=[m[K(std::shared_ptr<_Tp>&&) [35m[K[with _Tp = rclcpp::Subscription<float>][m[K[m[K’
[5.401s]   438 |       [01;36m[Koperator[m[K=(shared_ptr&& __r) noexcept
[5.401s]       |       [01;36m[K^~~~~~~~[m[K
[5.402s] [01m[K/usr/include/c++/13/bits/shared_ptr.h:438:30:[m[K [01;36m[Knote: [m[K  no known conversion for argument 1 from ‘[01m[Kstd::shared_ptr<rclcpp::Subscription<std_msgs::msg::Float32_<std::allocator<void> >, std::allocator<void>, std_msgs::msg::Float32_<std::allocator<void> >, std_msgs::msg::Float32_<std::allocator<void> >, rclcpp::message_memory_strategy::MessageMemoryStrategy<std_msgs::msg::Float32_<std::allocator<void> >, std::allocator<void> > > >[m[K’ to ‘[01m[Kstd::shared_ptr<rclcpp::Subscription<float> >&&[m[K’
[5.402s]   438 |       operator=([01;36m[Kshared_ptr&& __r[m[K) noexcept
[5.402s]       |                 [01;36m[K~~~~~~~~~~~~~^~~[m[K
[8.718s] gmake[2]: *** [CMakeFiles/serial_motors_node.dir/build.make:76: CMakeFiles/serial_motors_node.dir/src/serial_motors_node.cpp.o] Error 1
[8.718s] gmake[1]: *** [CMakeFiles/Makefile2:167: CMakeFiles/serial_motors_node.dir/all] Error 2
[8.719s] gmake: *** [Makefile:146: all] Error 2
[8.725s] Invoked command in '/home/gabriel/repos/lunch-delivery-robot/robot/marmitron_ws/build/serial_comms' returned '2': CMAKE_PREFIX_PATH=${CMAKE_PREFIX_PATH}:/opt/ros/kilted DEBUGINFOD_URLS=https://debuginfod.ubuntu.com /usr/bin/cmake --build /home/gabriel/repos/lunch-delivery-robot/robot/marmitron_ws/build/serial_comms -- -j16 -l16
