[0.209s] DEBUG:colcon:Command line arguments: ['/usr/bin/colcon', 'build']
[0.209s] DEBUG:colcon:Parsed command line arguments: Namespace(log_base=None, log_level=None, verb_name='build', build_base='build', install_base='install', merge_install=False, symlink_install=False, test_result_base=None, continue_on_error=False, executor='parallel', parallel_workers=16, event_handlers=None, ignore_user_meta=False, metas=['./colcon.meta'], base_paths=['.'], packages_ignore=None, packages_ignore_regex=None, paths=None, packages_up_to=None, packages_up_to_regex=None, packages_above=None, packages_above_and_dependencies=None, packages_above_depth=None, packages_select_by_dep=None, packages_skip_by_dep=None, packages_skip_up_to=None, packages_select_build_failed=False, packages_skip_build_finished=False, packages_select_test_failures=False, packages_skip_test_passed=False, packages_select=None, packages_skip=None, packages_select_regex=None, packages_skip_regex=None, packages_start=None, packages_end=None, allow_overriding=[], cmake_args=None, cmake_target=None, cmake_target_skip_unavailable=False, cmake_clean_cache=False, cmake_clean_first=False, cmake_force_configure=False, ament_cmake_args=None, catkin_cmake_args=None, catkin_skip_building_tests=False, mixin_files=None, mixin=None, verb_parser=<colcon_mixin.mixin.mixin_argument.MixinArgumentDecorator object at 0x765dcf4a8f20>, verb_extension=<colcon_core.verb.build.BuildVerb object at 0x765dcf4a8b90>, main=<bound method BuildVerb.main of <colcon_core.verb.build.BuildVerb object at 0x765dcf4a8b90>>, mixin_verb=('build',))
[0.280s] Level 1:colcon.colcon_core.package_discovery:discover_packages(colcon_meta) check parameters
[0.280s] Level 1:colcon.colcon_core.package_discovery:discover_packages(recursive) check parameters
[0.280s] Level 1:colcon.colcon_core.package_discovery:discover_packages(ignore) check parameters
[0.280s] Level 1:colcon.colcon_core.package_discovery:discover_packages(path) check parameters
[0.280s] Level 1:colcon.colcon_core.package_discovery:discover_packages(colcon_meta) discover
[0.281s] Level 1:colcon.colcon_core.package_discovery:discover_packages(recursive) discover
[0.281s] INFO:colcon.colcon_core.package_discovery:Crawling recursively for packages in '/home/gabriel/repos/lunch-delivery-robot/robot/marmitron_ws'
[0.281s] Level 1:colcon.colcon_core.package_identification:_identify(.) by extensions ['ignore', 'ignore_ament_install']
[0.281s] Level 1:colcon.colcon_core.package_identification:_identify(.) by extension 'ignore'
[0.281s] Level 1:colcon.colcon_core.package_identification:_identify(.) by extension 'ignore_ament_install'
[0.281s] Level 1:colcon.colcon_core.package_identification:_identify(.) by extensions ['colcon_pkg']
[0.281s] Level 1:colcon.colcon_core.package_identification:_identify(.) by extension 'colcon_pkg'
[0.281s] Level 1:colcon.colcon_core.package_identification:_identify(.) by extensions ['colcon_meta']
[0.281s] Level 1:colcon.colcon_core.package_identification:_identify(.) by extension 'colcon_meta'
[0.282s] Level 1:colcon.colcon_core.package_identification:_identify(.) by extensions ['ros']
[0.282s] Level 1:colcon.colcon_core.package_identification:_identify(.) by extension 'ros'
[0.326s] Level 1:colcon.colcon_core.package_identification:_identify(.) by extensions ['cmake', 'python']
[0.327s] Level 1:colcon.colcon_core.package_identification:_identify(.) by extension 'cmake'
[0.327s] Level 1:colcon.colcon_core.package_identification:_identify(.) by extension 'python'
[0.327s] Level 1:colcon.colcon_core.package_identification:_identify(.) by extensions ['python_setup_py']
[0.327s] Level 1:colcon.colcon_core.package_identification:_identify(.) by extension 'python_setup_py'
[0.327s] Level 1:colcon.colcon_core.package_identification:_identify(build) by extensions ['ignore', 'ignore_ament_install']
[0.327s] Level 1:colcon.colcon_core.package_identification:_identify(build) by extension 'ignore'
[0.327s] Level 1:colcon.colcon_core.package_identification:_identify(build) ignored
[0.328s] Level 1:colcon.colcon_core.package_identification:_identify(install) by extensions ['ignore', 'ignore_ament_install']
[0.328s] Level 1:colcon.colcon_core.package_identification:_identify(install) by extension 'ignore'
[0.328s] Level 1:colcon.colcon_core.package_identification:_identify(install) ignored
[0.328s] Level 1:colcon.colcon_core.package_identification:_identify(log) by extensions ['ignore', 'ignore_ament_install']
[0.328s] Level 1:colcon.colcon_core.package_identification:_identify(log) by extension 'ignore'
[0.328s] Level 1:colcon.colcon_core.package_identification:_identify(log) ignored
[0.328s] Level 1:colcon.colcon_core.package_identification:_identify(src) by extensions ['ignore', 'ignore_ament_install']
[0.328s] Level 1:colcon.colcon_core.package_identification:_identify(src) by extension 'ignore'
[0.329s] Level 1:colcon.colcon_core.package_identification:_identify(src) by extension 'ignore_ament_install'
[0.329s] Level 1:colcon.colcon_core.package_identification:_identify(src) by extensions ['colcon_pkg']
[0.329s] Level 1:colcon.colcon_core.package_identification:_identify(src) by extension 'colcon_pkg'
[0.329s] Level 1:colcon.colcon_core.package_identification:_identify(src) by extensions ['colcon_meta']
[0.329s] Level 1:colcon.colcon_core.package_identification:_identify(src) by extension 'colcon_meta'
[0.329s] Level 1:colcon.colcon_core.package_identification:_identify(src) by extensions ['ros']
[0.329s] Level 1:colcon.colcon_core.package_identification:_identify(src) by extension 'ros'
[0.329s] Level 1:colcon.colcon_core.package_identification:_identify(src) by extensions ['cmake', 'python']
[0.329s] Level 1:colcon.colcon_core.package_identification:_identify(src) by extension 'cmake'
[0.329s] Level 1:colcon.colcon_core.package_identification:_identify(src) by extension 'python'
[0.329s] Level 1:colcon.colcon_core.package_identification:_identify(src) by extensions ['python_setup_py']
[0.329s] Level 1:colcon.colcon_core.package_identification:_identify(src) by extension 'python_setup_py'
[0.330s] Level 1:colcon.colcon_core.package_identification:_identify(src/serial_comms) by extensions ['ignore', 'ignore_ament_install']
[0.330s] Level 1:colcon.colcon_core.package_identification:_identify(src/serial_comms) by extension 'ignore'
[0.330s] Level 1:colcon.colcon_core.package_identification:_identify(src/serial_comms) by extension 'ignore_ament_install'
[0.330s] Level 1:colcon.colcon_core.package_identification:_identify(src/serial_comms) by extensions ['colcon_pkg']
[0.330s] Level 1:colcon.colcon_core.package_identification:_identify(src/serial_comms) by extension 'colcon_pkg'
[0.330s] Level 1:colcon.colcon_core.package_identification:_identify(src/serial_comms) by extensions ['colcon_meta']
[0.330s] Level 1:colcon.colcon_core.package_identification:_identify(src/serial_comms) by extension 'colcon_meta'
[0.330s] Level 1:colcon.colcon_core.package_identification:_identify(src/serial_comms) by extensions ['ros']
[0.330s] Level 1:colcon.colcon_core.package_identification:_identify(src/serial_comms) by extension 'ros'
[0.334s] DEBUG:colcon.colcon_core.package_identification:Package 'src/serial_comms' with type 'ros.ament_cmake' and name 'serial_comms'
[0.335s] Level 1:colcon.colcon_core.package_discovery:discover_packages(recursive) using defaults
[0.335s] Level 1:colcon.colcon_core.package_discovery:discover_packages(ignore) discover
[0.335s] Level 1:colcon.colcon_core.package_discovery:discover_packages(ignore) using defaults
[0.335s] Level 1:colcon.colcon_core.package_discovery:discover_packages(path) discover
[0.335s] Level 1:colcon.colcon_core.package_discovery:discover_packages(path) using defaults
[0.367s] Level 1:colcon.colcon_core.package_discovery:discover_packages(prefix_path) check parameters
[0.367s] Level 1:colcon.colcon_core.package_discovery:discover_packages(prefix_path) discover
[0.369s] DEBUG:colcon.colcon_installed_package_information.package_discovery:Found 1 installed packages in /home/gabriel/repos/lunch-delivery-robot/robot/marmitron_ws/install
[0.373s] DEBUG:colcon.colcon_installed_package_information.package_discovery:Found 358 installed packages in /opt/ros/kilted
[0.375s] Level 1:colcon.colcon_core.package_discovery:discover_packages(prefix_path) using defaults
[0.466s] Level 5:colcon.colcon_core.verb:set package 'serial_comms' build argument 'cmake_args' from command line to 'None'
[0.466s] Level 5:colcon.colcon_core.verb:set package 'serial_comms' build argument 'cmake_target' from command line to 'None'
[0.466s] Level 5:colcon.colcon_core.verb:set package 'serial_comms' build argument 'cmake_target_skip_unavailable' from command line to 'False'
[0.466s] Level 5:colcon.colcon_core.verb:set package 'serial_comms' build argument 'cmake_clean_cache' from command line to 'False'
[0.466s] Level 5:colcon.colcon_core.verb:set package 'serial_comms' build argument 'cmake_clean_first' from command line to 'False'
[0.466s] Level 5:colcon.colcon_core.verb:set package 'serial_comms' build argument 'cmake_force_configure' from command line to 'False'
[0.466s] Level 5:colcon.colcon_core.verb:set package 'serial_comms' build argument 'ament_cmake_args' from command line to 'None'
[0.466s] Level 5:colcon.colcon_core.verb:set package 'serial_comms' build argument 'catkin_cmake_args' from command line to 'None'
[0.466s] Level 5:colcon.colcon_core.verb:set package 'serial_comms' build argument 'catkin_skip_building_tests' from command line to 'False'
[0.466s] DEBUG:colcon.colcon_core.verb:Building package 'serial_comms' with the following arguments: {'ament_cmake_args': None, 'build_base': '/home/gabriel/repos/lunch-delivery-robot/robot/marmitron_ws/build/serial_comms', 'catkin_cmake_args': None, 'catkin_skip_building_tests': False, 'cmake_args': None, 'cmake_clean_cache': False, 'cmake_clean_first': False, 'cmake_force_configure': False, 'cmake_target': None, 'cmake_target_skip_unavailable': False, 'install_base': '/home/gabriel/repos/lunch-delivery-robot/robot/marmitron_ws/install/serial_comms', 'merge_install': False, 'path': '/home/gabriel/repos/lunch-delivery-robot/robot/marmitron_ws/src/serial_comms', 'symlink_install': False, 'test_result_base': None}
[0.466s] INFO:colcon.colcon_core.executor:Executing jobs using 'parallel' executor
[0.468s] DEBUG:colcon.colcon_parallel_executor.executor.parallel:run_until_complete
[0.469s] INFO:colcon.colcon_ros.task.ament_cmake.build:Building ROS package in '/home/gabriel/repos/lunch-delivery-robot/robot/marmitron_ws/src/serial_comms' with build type 'ament_cmake'
[0.469s] INFO:colcon.colcon_cmake.task.cmake.build:Building CMake package in '/home/gabriel/repos/lunch-delivery-robot/robot/marmitron_ws/src/serial_comms'
[0.472s] INFO:colcon.colcon_core.plugin_system:Skipping extension 'colcon_core.shell.bat': Not used on non-Windows systems
[0.472s] INFO:colcon.colcon_core.shell:Skip shell extension 'powershell' for command environment: Not usable outside of PowerShell
[0.472s] DEBUG:colcon.colcon_core.shell:Skip shell extension 'dsv' for command environment
[0.495s] DEBUG:colcon.colcon_core.event_handler.log_command:Invoking command in '/home/gabriel/repos/lunch-delivery-robot/robot/marmitron_ws/build/serial_comms': CMAKE_PREFIX_PATH=${CMAKE_PREFIX_PATH}:/opt/ros/kilted DEBUGINFOD_URLS=https://debuginfod.ubuntu.com /usr/bin/cmake --build /home/gabriel/repos/lunch-delivery-robot/robot/marmitron_ws/build/serial_comms -- -j16 -l16
[11.162s] DEBUG:colcon.colcon_core.event_handler.log_command:Invoked command in '/home/gabriel/repos/lunch-delivery-robot/robot/marmitron_ws/build/serial_comms' returned '0': CMAKE_PREFIX_PATH=${CMAKE_PREFIX_PATH}:/opt/ros/kilted DEBUGINFOD_URLS=https://debuginfod.ubuntu.com /usr/bin/cmake --build /home/gabriel/repos/lunch-delivery-robot/robot/marmitron_ws/build/serial_comms -- -j16 -l16
[11.174s] DEBUG:colcon.colcon_core.event_handler.log_command:Invoking command in '/home/gabriel/repos/lunch-delivery-robot/robot/marmitron_ws/build/serial_comms': CMAKE_PREFIX_PATH=${CMAKE_PREFIX_PATH}:/opt/ros/kilted DEBUGINFOD_URLS=https://debuginfod.ubuntu.com /usr/bin/cmake --install /home/gabriel/repos/lunch-delivery-robot/robot/marmitron_ws/build/serial_comms
[11.190s] Level 1:colcon.colcon_core.environment:create_environment_scripts_only(serial_comms)
[11.190s] DEBUG:colcon.colcon_core.event_handler.log_command:Invoked command in '/home/gabriel/repos/lunch-delivery-robot/robot/marmitron_ws/build/serial_comms' returned '0': CMAKE_PREFIX_PATH=${CMAKE_PREFIX_PATH}:/opt/ros/kilted DEBUGINFOD_URLS=https://debuginfod.ubuntu.com /usr/bin/cmake --install /home/gabriel/repos/lunch-delivery-robot/robot/marmitron_ws/build/serial_comms
[11.192s] Level 1:colcon.colcon_core.environment:checking '/home/gabriel/repos/lunch-delivery-robot/robot/marmitron_ws/install/serial_comms' for CMake module files
[11.192s] Level 1:colcon.colcon_core.environment:checking '/home/gabriel/repos/lunch-delivery-robot/robot/marmitron_ws/install/serial_comms' for CMake config files
[11.192s] Level 1:colcon.colcon_core.shell:create_environment_hook('serial_comms', 'cmake_prefix_path')
[11.193s] INFO:colcon.colcon_core.shell:Creating environment hook '/home/gabriel/repos/lunch-delivery-robot/robot/marmitron_ws/install/serial_comms/share/serial_comms/hook/cmake_prefix_path.ps1'
[11.193s] INFO:colcon.colcon_core.shell:Creating environment descriptor '/home/gabriel/repos/lunch-delivery-robot/robot/marmitron_ws/install/serial_comms/share/serial_comms/hook/cmake_prefix_path.dsv'
[11.193s] INFO:colcon.colcon_core.shell:Creating environment hook '/home/gabriel/repos/lunch-delivery-robot/robot/marmitron_ws/install/serial_comms/share/serial_comms/hook/cmake_prefix_path.sh'
[11.194s] Level 1:colcon.colcon_core.environment:checking '/home/gabriel/repos/lunch-delivery-robot/robot/marmitron_ws/install/serial_comms/lib'
[11.194s] Level 1:colcon.colcon_core.environment:checking '/home/gabriel/repos/lunch-delivery-robot/robot/marmitron_ws/install/serial_comms/bin'
[11.194s] Level 1:colcon.colcon_core.environment:checking '/home/gabriel/repos/lunch-delivery-robot/robot/marmitron_ws/install/serial_comms/lib/pkgconfig/serial_comms.pc'
[11.195s] Level 1:colcon.colcon_core.environment:checking '/home/gabriel/repos/lunch-delivery-robot/robot/marmitron_ws/install/serial_comms/lib/python3.12/site-packages'
[11.195s] Level 1:colcon.colcon_core.environment:checking '/home/gabriel/repos/lunch-delivery-robot/robot/marmitron_ws/install/serial_comms/bin'
[11.195s] INFO:colcon.colcon_core.shell:Creating package script '/home/gabriel/repos/lunch-delivery-robot/robot/marmitron_ws/install/serial_comms/share/serial_comms/package.ps1'
[11.196s] INFO:colcon.colcon_core.shell:Creating package descriptor '/home/gabriel/repos/lunch-delivery-robot/robot/marmitron_ws/install/serial_comms/share/serial_comms/package.dsv'
[11.196s] INFO:colcon.colcon_core.shell:Creating package script '/home/gabriel/repos/lunch-delivery-robot/robot/marmitron_ws/install/serial_comms/share/serial_comms/package.sh'
[11.197s] INFO:colcon.colcon_core.shell:Creating package script '/home/gabriel/repos/lunch-delivery-robot/robot/marmitron_ws/install/serial_comms/share/serial_comms/package.bash'
[11.197s] INFO:colcon.colcon_core.shell:Creating package script '/home/gabriel/repos/lunch-delivery-robot/robot/marmitron_ws/install/serial_comms/share/serial_comms/package.zsh'
[11.198s] Level 1:colcon.colcon_core.environment:create_file_with_runtime_dependencies(/home/gabriel/repos/lunch-delivery-robot/robot/marmitron_ws/install/serial_comms/share/colcon-core/packages/serial_comms)
[11.198s] Level 1:colcon.colcon_core.environment:create_environment_scripts_only(serial_comms)
[11.198s] Level 1:colcon.colcon_core.environment:checking '/home/gabriel/repos/lunch-delivery-robot/robot/marmitron_ws/install/serial_comms' for CMake module files
[11.199s] Level 1:colcon.colcon_core.environment:checking '/home/gabriel/repos/lunch-delivery-robot/robot/marmitron_ws/install/serial_comms' for CMake config files
[11.199s] Level 1:colcon.colcon_core.shell:create_environment_hook('serial_comms', 'cmake_prefix_path')
[11.199s] INFO:colcon.colcon_core.shell:Creating environment hook '/home/gabriel/repos/lunch-delivery-robot/robot/marmitron_ws/install/serial_comms/share/serial_comms/hook/cmake_prefix_path.ps1'
[11.199s] INFO:colcon.colcon_core.shell:Creating environment descriptor '/home/gabriel/repos/lunch-delivery-robot/robot/marmitron_ws/install/serial_comms/share/serial_comms/hook/cmake_prefix_path.dsv'
[11.200s] INFO:colcon.colcon_core.shell:Creating environment hook '/home/gabriel/repos/lunch-delivery-robot/robot/marmitron_ws/install/serial_comms/share/serial_comms/hook/cmake_prefix_path.sh'
[11.200s] Level 1:colcon.colcon_core.environment:checking '/home/gabriel/repos/lunch-delivery-robot/robot/marmitron_ws/install/serial_comms/lib'
[11.200s] Level 1:colcon.colcon_core.environment:checking '/home/gabriel/repos/lunch-delivery-robot/robot/marmitron_ws/install/serial_comms/bin'
[11.200s] Level 1:colcon.colcon_core.environment:checking '/home/gabriel/repos/lunch-delivery-robot/robot/marmitron_ws/install/serial_comms/lib/pkgconfig/serial_comms.pc'
[11.200s] Level 1:colcon.colcon_core.environment:checking '/home/gabriel/repos/lunch-delivery-robot/robot/marmitron_ws/install/serial_comms/lib/python3.12/site-packages'
[11.201s] Level 1:colcon.colcon_core.environment:checking '/home/gabriel/repos/lunch-delivery-robot/robot/marmitron_ws/install/serial_comms/bin'
[11.201s] INFO:colcon.colcon_core.shell:Creating package script '/home/gabriel/repos/lunch-delivery-robot/robot/marmitron_ws/install/serial_comms/share/serial_comms/package.ps1'
[11.201s] INFO:colcon.colcon_core.shell:Creating package descriptor '/home/gabriel/repos/lunch-delivery-robot/robot/marmitron_ws/install/serial_comms/share/serial_comms/package.dsv'
[11.202s] INFO:colcon.colcon_core.shell:Creating package script '/home/gabriel/repos/lunch-delivery-robot/robot/marmitron_ws/install/serial_comms/share/serial_comms/package.sh'
[11.202s] INFO:colcon.colcon_core.shell:Creating package script '/home/gabriel/repos/lunch-delivery-robot/robot/marmitron_ws/install/serial_comms/share/serial_comms/package.bash'
[11.203s] INFO:colcon.colcon_core.shell:Creating package script '/home/gabriel/repos/lunch-delivery-robot/robot/marmitron_ws/install/serial_comms/share/serial_comms/package.zsh'
[11.203s] Level 1:colcon.colcon_core.environment:create_file_with_runtime_dependencies(/home/gabriel/repos/lunch-delivery-robot/robot/marmitron_ws/install/serial_comms/share/colcon-core/packages/serial_comms)
[11.203s] DEBUG:colcon.colcon_parallel_executor.executor.parallel:closing loop
[11.204s] DEBUG:colcon.colcon_parallel_executor.executor.parallel:loop closed
[11.204s] DEBUG:colcon.colcon_parallel_executor.executor.parallel:run_until_complete finished with '0'
[11.204s] DEBUG:colcon.colcon_core.event_reactor:joining thread
[11.211s] INFO:colcon.colcon_core.plugin_system:Skipping extension 'colcon_notification.desktop_notification.terminal_notifier': Not used on non-Darwin systems
[11.211s] INFO:colcon.colcon_core.plugin_system:Skipping extension 'colcon_notification.desktop_notification.win32': Not used on non-Windows systems
[11.211s] INFO:colcon.colcon_notification.desktop_notification:Sending desktop notification using 'notify2'
[11.230s] DEBUG:colcon.colcon_core.event_reactor:joined thread
[11.231s] INFO:colcon.colcon_core.shell:Creating prefix script '/home/gabriel/repos/lunch-delivery-robot/robot/marmitron_ws/install/local_setup.ps1'
[11.232s] INFO:colcon.colcon_core.shell:Creating prefix util module '/home/gabriel/repos/lunch-delivery-robot/robot/marmitron_ws/install/_local_setup_util_ps1.py'
[11.233s] INFO:colcon.colcon_core.shell:Creating prefix chain script '/home/gabriel/repos/lunch-delivery-robot/robot/marmitron_ws/install/setup.ps1'
[11.234s] INFO:colcon.colcon_core.shell:Creating prefix script '/home/gabriel/repos/lunch-delivery-robot/robot/marmitron_ws/install/local_setup.sh'
[11.234s] INFO:colcon.colcon_core.shell:Creating prefix util module '/home/gabriel/repos/lunch-delivery-robot/robot/marmitron_ws/install/_local_setup_util_sh.py'
[11.234s] INFO:colcon.colcon_core.shell:Creating prefix chain script '/home/gabriel/repos/lunch-delivery-robot/robot/marmitron_ws/install/setup.sh'
[11.235s] INFO:colcon.colcon_core.shell:Creating prefix script '/home/gabriel/repos/lunch-delivery-robot/robot/marmitron_ws/install/local_setup.bash'
[11.236s] INFO:colcon.colcon_core.shell:Creating prefix chain script '/home/gabriel/repos/lunch-delivery-robot/robot/marmitron_ws/install/setup.bash'
[11.237s] INFO:colcon.colcon_core.shell:Creating prefix script '/home/gabriel/repos/lunch-delivery-robot/robot/marmitron_ws/install/local_setup.zsh'
[11.237s] INFO:colcon.colcon_core.shell:Creating prefix chain script '/home/gabriel/repos/lunch-delivery-robot/robot/marmitron_ws/install/setup.zsh'
