-- The C compiler identification is GNU 13.3.0
-- The CXX compiler identification is GNU 13.3.0
-- Detecting C compiler ABI info
-- Detecting C compiler ABI info - done
-- Check for working C compiler: /usr/bin/cc - skipped
-- Detecting C compile features
-- Detecting C compile features - done
-- Detecting CXX compiler ABI info
-- Detecting CXX compiler ABI info - done
-- Check for working CXX compiler: /usr/bin/c++ - skipped
-- Detecting CXX compile features
-- Detecting CXX compile features - done
-- Found ament_cmake: 2.7.5 (/opt/ros/kilted/share/ament_cmake/cmake)
-- Found Python3: /usr/bin/python3 (found version "3.12.3") found components: Interpreter 
-- Found rclcpp: 29.5.8 (/opt/ros/kilted/share/rclcpp/cmake)
-- Found rosidl_generator_c: 4.9.6 (/opt/ros/kilted/share/rosidl_generator_c/cmake)
-- Found rosidl_generator_cpp: 4.9.6 (/opt/ros/kilted/share/rosidl_generator_cpp/cmake)
-- Using all available rosidl_typesupport_c: rosidl_typesupport_fastrtps_c;rosidl_typesupport_introspection_c
-- Using all available rosidl_typesupport_cpp: rosidl_typesupport_fastrtps_cpp;rosidl_typesupport_introspection_cpp
-- Found rmw_implementation_cmake: 7.8.2 (/opt/ros/kilted/share/rmw_implementation_cmake/cmake)
-- Found rmw_fastrtps_cpp: 9.3.4 (/opt/ros/kilted/share/rmw_fastrtps_cpp/cmake)
-- Found OpenSSL: /usr/lib/x86_64-linux-gnu/libcrypto.so (found version "3.0.13")  
-- Using RMW implementation 'rmw_fastrtps_cpp' as default
-- Found sensor_msgs: 5.5.2 (/opt/ros/kilted/share/sensor_msgs/cmake)
-- Found ament_lint_auto: 0.19.3 (/opt/ros/kilted/share/ament_lint_auto/cmake)
-- Added test 'cppcheck' to perform static code analysis on C / C++ code
-- Configured cppcheck include dirs: /home/gabriel/repos/lunch-delivery-robot/robot/CalibracaoCamIMU/calibracao_ws/src/serial_comms/include;/home/gabriel/repos/lunch-delivery-robot/robot/CalibracaoCamIMU/calibracao_ws/src/serial_comms/include/serial_comms;/home/gabriel/repos/lunch-delivery-robot/robot/CalibracaoCamIMU/calibracao_ws/src/serial_comms/src
-- Configured cppcheck exclude dirs and/or files: 
-- Added test 'lint_cmake' to check CMake code style
-- Added test 'uncrustify' to check C / C++ code style
-- Configured uncrustify additional arguments: 
-- Added test 'xmllint' to check XML markup files
-- Configuring done (1.1s)
-- Generating done (0.0s)
-- Build files have been written to: /home/gabriel/repos/lunch-delivery-robot/robot/CalibracaoCamIMU/calibracao_ws/build/serial_comms
[ 37%] [32mBuilding CXX object CMakeFiles/serial_imu_node.dir/src/serial.cc.o[0m
[ 37%] [32mBuilding CXX object CMakeFiles/serial_imu_node.dir/src/serial_imu_node.cpp.o[0m
[ 37%] [32mBuilding CXX object CMakeFiles/serial_imu_node.dir/src/impl/win.cc.o[0m
[ 87%] [32mBuilding CXX object CMakeFiles/serial_imu_node.dir/src/impl/list_ports/list_ports_osx.cc.o[0m
[ 87%] [32mBuilding CXX object CMakeFiles/serial_imu_node.dir/src/impl/list_ports/list_ports_linux.cc.o[0m
[ 87%] [32mBuilding CXX object CMakeFiles/serial_imu_node.dir/src/impl/list_ports/list_ports_win.cc.o[0m
[ 87%] [32mBuilding CXX object CMakeFiles/serial_imu_node.dir/src/impl/unix.cc.o[0m
[100%] [32m[1mLinking CXX executable serial_imu_node[0m
[100%] Built target serial_imu_node
-- Install configuration: ""
-- Installing: /home/gabriel/repos/lunch-delivery-robot/robot/CalibracaoCamIMU/calibracao_ws/install/serial_comms/lib/serial_comms/serial_imu_node
-- Set non-toolchain portion of runtime path of "/home/gabriel/repos/lunch-delivery-robot/robot/CalibracaoCamIMU/calibracao_ws/install/serial_comms/lib/serial_comms/serial_imu_node" to ""
-- Installing: /home/gabriel/repos/lunch-delivery-robot/robot/CalibracaoCamIMU/calibracao_ws/install/serial_comms/share/ament_index/resource_index/package_run_dependencies/serial_comms
-- Installing: /home/gabriel/repos/lunch-delivery-robot/robot/CalibracaoCamIMU/calibracao_ws/install/serial_comms/share/ament_index/resource_index/parent_prefix_path/serial_comms
-- Installing: /home/gabriel/repos/lunch-delivery-robot/robot/CalibracaoCamIMU/calibracao_ws/install/serial_comms/share/serial_comms/environment/ament_prefix_path.sh
-- Installing: /home/gabriel/repos/lunch-delivery-robot/robot/CalibracaoCamIMU/calibracao_ws/install/serial_comms/share/serial_comms/environment/ament_prefix_path.dsv
-- Installing: /home/gabriel/repos/lunch-delivery-robot/robot/CalibracaoCamIMU/calibracao_ws/install/serial_comms/share/serial_comms/environment/path.sh
-- Installing: /home/gabriel/repos/lunch-delivery-robot/robot/CalibracaoCamIMU/calibracao_ws/install/serial_comms/share/serial_comms/environment/path.dsv
-- Installing: /home/gabriel/repos/lunch-delivery-robot/robot/CalibracaoCamIMU/calibracao_ws/install/serial_comms/share/serial_comms/local_setup.bash
-- Installing: /home/gabriel/repos/lunch-delivery-robot/robot/CalibracaoCamIMU/calibracao_ws/install/serial_comms/share/serial_comms/local_setup.sh
-- Installing: /home/gabriel/repos/lunch-delivery-robot/robot/CalibracaoCamIMU/calibracao_ws/install/serial_comms/share/serial_comms/local_setup.zsh
-- Installing: /home/gabriel/repos/lunch-delivery-robot/robot/CalibracaoCamIMU/calibracao_ws/install/serial_comms/share/serial_comms/local_setup.dsv
-- Installing: /home/gabriel/repos/lunch-delivery-robot/robot/CalibracaoCamIMU/calibracao_ws/install/serial_comms/share/serial_comms/package.dsv
-- Installing: /home/gabriel/repos/lunch-delivery-robot/robot/CalibracaoCamIMU/calibracao_ws/install/serial_comms/share/ament_index/resource_index/packages/serial_comms
-- Installing: /home/gabriel/repos/lunch-delivery-robot/robot/CalibracaoCamIMU/calibracao_ws/install/serial_comms/share/serial_comms/cmake/serial_commsConfig.cmake
-- Installing: /home/gabriel/repos/lunch-delivery-robot/robot/CalibracaoCamIMU/calibracao_ws/install/serial_comms/share/serial_comms/cmake/serial_commsConfig-version.cmake
-- Installing: /home/gabriel/repos/lunch-delivery-robot/robot/CalibracaoCamIMU/calibracao_ws/install/serial_comms/share/serial_comms/package.xml
