[ 11%] Built target image_restamper_node
[ 16%] [32mBuilding CXX object CMakeFiles/serial_motors_node.dir/src/serial_motors_node.cpp.o[0m
[ 22%] [32mBuilding CXX object CMakeFiles/serial_sensors_node.dir/src/serial_sensors_node.cpp.o[0m
[01m[K/home/gabriel/repos/lunch-delivery-robot/robot/marmitron_ws/src/serial_comms/src/serial_sensors_node.cpp:[m[K In member function ‘[01m[Kvoid SerialSensorsNode::[01;32m[KReadPub_callback[m[K()[m[K’:
[01m[K/home/gabriel/repos/lunch-delivery-robot/robot/marmitron_ws/src/serial_comms/src/serial_sensors_node.cpp:295:32:[m[K [01;31m[Kerror: [m[Kno match for ‘[01m[Koperator-[m[K’ (operand types are ‘[01m[KSerialSensorsNode*[m[K’ and ‘[01m[Krclcpp::Logger[m[K’)
  295 |         } else RCLCPP_INGO([32m[Kthis[m[K[01;31m[K-[m[K[34m[Kget_logger()[m[K, "Sequência GPS menor ou igual à anterior, mensagem não publicada");
      |                            [32m[K~~~~[m[K[01;31m[K^[m[K[34m[K~~~~~~~~~~~~[m[K
      |                            [32m[K|[m[K              [34m[K|[m[K
      |                            [32m[K|[m[K              [34m[Krclcpp::Logger[m[K
      |                            [32m[KSerialSensorsNode*[m[K
In file included from [01m[K/usr/include/c++/13/bits/stl_algobase.h:67[m[K,
                 from [01m[K/usr/include/c++/13/bits/stl_uninitialized.h:63[m[K,
                 from [01m[K/usr/include/c++/13/memory:69[m[K,
                 from [01m[K/opt/ros/kilted/include/rclcpp/rclcpp/rclcpp.hpp:169[m[K,
                 from [01m[K/home/gabriel/repos/lunch-delivery-robot/robot/marmitron_ws/src/serial_comms/src/serial_sensors_node.cpp:1[m[K:
[01m[K/usr/include/c++/13/bits/stl_iterator.h:625:5:[m[K [01;36m[Knote: [m[Kcandidate: ‘[01m[Ktemplate<class _IteratorL, class _IteratorR> constexpr decltype ((__y.base() - __x.base())) std::[01;32m[Koperator-[m[K(const reverse_iterator<_Iterator>&, const reverse_iterator<_IteratorR>&)[m[K’
  625 |     [01;36m[Koperator[m[K-(const reverse_iterator<_IteratorL>& __x,
      |     [01;36m[K^~~~~~~~[m[K
[01m[K/usr/include/c++/13/bits/stl_iterator.h:625:5:[m[K [01;36m[Knote: [m[K  template argument deduction/substitution failed:
[01m[K/home/gabriel/repos/lunch-delivery-robot/robot/marmitron_ws/src/serial_comms/src/serial_sensors_node.cpp:295:44:[m[K [01;36m[Knote: [m[K  mismatched types ‘[01m[Kconst std::reverse_iterator<_Iterator>[m[K’ and ‘[01m[KSerialSensorsNode*[m[K’
  295 |         } else RCLCPP_INGO(this-get_logger([01;36m[K)[m[K, "Sequência GPS menor ou igual à anterior, mensagem não publicada");
      |                                            [01;36m[K^[m[K
[01m[K/usr/include/c++/13/bits/stl_iterator.h:1800:5:[m[K [01;36m[Knote: [m[Kcandidate: ‘[01m[Ktemplate<class _IteratorL, class _IteratorR> constexpr decltype ((__x.base() - __y.base())) std::[01;32m[Koperator-[m[K(const move_iterator<_IteratorL>&, const move_iterator<_IteratorR>&)[m[K’
 1800 |     [01;36m[Koperator[m[K-(const move_iterator<_IteratorL>& __x,
      |     [01;36m[K^~~~~~~~[m[K
[01m[K/usr/include/c++/13/bits/stl_iterator.h:1800:5:[m[K [01;36m[Knote: [m[K  template argument deduction/substitution failed:
[01m[K/home/gabriel/repos/lunch-delivery-robot/robot/marmitron_ws/src/serial_comms/src/serial_sensors_node.cpp:295:44:[m[K [01;36m[Knote: [m[K  mismatched types ‘[01m[Kconst std::move_iterator<_IteratorL>[m[K’ and ‘[01m[KSerialSensorsNode*[m[K’
  295 |         } else RCLCPP_INGO(this-get_logger([01;36m[K)[m[K, "Sequência GPS menor ou igual à anterior, mensagem não publicada");
      |                                            [01;36m[K^[m[K
In file included from [01m[K/opt/ros/kilted/include/rclcpp/rclcpp/time.hpp:24[m[K,
                 from [01m[K/opt/ros/kilted/include/rclcpp/rclcpp/clock.hpp:24[m[K,
                 from [01m[K/opt/ros/kilted/include/rclcpp/rclcpp/client.hpp:38[m[K,
                 from [01m[K/opt/ros/kilted/include/rclcpp/rclcpp/callback_group.hpp:24[m[K,
                 from [01m[K/opt/ros/kilted/include/rclcpp/rclcpp/any_executable.hpp:20[m[K,
                 from [01m[K/opt/ros/kilted/include/rclcpp/rclcpp/memory_strategy.hpp:25[m[K,
                 from [01m[K/opt/ros/kilted/include/rclcpp/rclcpp/memory_strategies.hpp:18[m[K,
                 from [01m[K/opt/ros/kilted/include/rclcpp/rclcpp/executor_options.hpp:22[m[K,
                 from [01m[K/opt/ros/kilted/include/rclcpp/rclcpp/executor.hpp:38[m[K,
                 from [01m[K/opt/ros/kilted/include/rclcpp/rclcpp/executors/multi_threaded_executor.hpp:25[m[K,
                 from [01m[K/opt/ros/kilted/include/rclcpp/rclcpp/executors.hpp:21[m[K,
                 from [01m[K/opt/ros/kilted/include/rclcpp/rclcpp/rclcpp.hpp:172[m[K:
[01m[K/opt/ros/kilted/include/rclcpp/rclcpp/duration.hpp:168:1:[m[K [01;36m[Knote: [m[Kcandidate: ‘[01m[Kbuiltin_interfaces::msg::Time rclcpp::[01;32m[Koperator-[m[K(const builtin_interfaces::msg::Time&, const Duration&)[m[K’
  168 | [01;36m[Koperator[m[K-(const builtin_interfaces::msg::Time & lhs, const rclcpp::Duration & rhs);
      | [01;36m[K^~~~~~~~[m[K
[01m[K/opt/ros/kilted/include/rclcpp/rclcpp/duration.hpp:168:49:[m[K [01;36m[Knote: [m[K  no known conversion for argument 1 from ‘[01m[KSerialSensorsNode*[m[K’ to ‘[01m[Kconst builtin_interfaces::msg::Time&[m[K’ {aka ‘[01m[Kconst builtin_interfaces::msg::Time_<std::allocator<void> >&[m[K’}
  168 | operator-([01;36m[Kconst builtin_interfaces::msg::Time & lhs[m[K, const rclcpp::Duration & rhs);
      |           [01;36m[K~~~~~~~~~~~~~~~~~~~~~~~~~~~~~~~~~~~~~~^~~[m[K
[01m[K/home/gabriel/repos/lunch-delivery-robot/robot/marmitron_ws/src/serial_comms/src/serial_sensors_node.cpp:295:16:[m[K [01;31m[Kerror: [m[K‘[01m[KRCLCPP_INGO[m[K’ was not declared in this scope; did you mean ‘[01m[KRCLCPP_INFO[m[K’?
  295 |         } else [01;31m[KRCLCPP_INGO[m[K(this-get_logger(), "Sequência GPS menor ou igual à anterior, mensagem não publicada");
      |                [01;31m[K^~~~~~~~~~~[m[K
      |                [32m[KRCLCPP_INFO[m[K
gmake[2]: *** [CMakeFiles/serial_sensors_node.dir/build.make:76: CMakeFiles/serial_sensors_node.dir/src/serial_sensors_node.cpp.o] Error 1
gmake[1]: *** [CMakeFiles/Makefile2:141: CMakeFiles/serial_sensors_node.dir/all] Error 2
gmake[1]: *** Waiting for unfinished jobs....
[ 27%] [32m[1mLinking CXX executable serial_motors_node[0m
[ 61%] Built target serial_motors_node
gmake: *** [Makefile:146: all] Error 2
