[0.029s] Invoking command in '/home/gabriel/repos/lunch-delivery-robot/robot/CalibracaoCamIMU/calibracao_ws/build/serial_comms': CMAKE_PREFIX_PATH=${CMAKE_PREFIX_PATH}:/opt/ros/kilted DEBUGINFOD_URLS=https://debuginfod.ubuntu.com /usr/bin/cmake --build /home/gabriel/repos/lunch-delivery-robot/robot/CalibracaoCamIMU/calibracao_ws/build/serial_comms -- -j16 -l16
[0.233s] [100%] Built target serial_imu_node
[0.260s] Invoked command in '/home/gabriel/repos/lunch-delivery-robot/robot/CalibracaoCamIMU/calibracao_ws/build/serial_comms' returned '0': CMAKE_PREFIX_PATH=${CMAKE_PREFIX_PATH}:/opt/ros/kilted DEBUGINFOD_URLS=https://debuginfod.ubuntu.com /usr/bin/cmake --build /home/gabriel/repos/lunch-delivery-robot/robot/CalibracaoCamIMU/calibracao_ws/build/serial_comms -- -j16 -l16
[0.282s] Invoking command in '/home/gabriel/repos/lunch-delivery-robot/robot/CalibracaoCamIMU/calibracao_ws/build/serial_comms': CMAKE_PREFIX_PATH=${CMAKE_PREFIX_PATH}:/opt/ros/kilted DEBUGINFOD_URLS=https://debuginfod.ubuntu.com /usr/bin/cmake --install /home/gabriel/repos/lunch-delivery-robot/robot/CalibracaoCamIMU/calibracao_ws/build/serial_comms
[0.298s] -- Install configuration: ""
[0.300s] -- Up-to-date: /home/gabriel/repos/lunch-delivery-robot/robot/CalibracaoCamIMU/calibracao_ws/install/serial_comms/lib/serial_comms/serial_imu_node
[0.300s] -- Up-to-date: /home/gabriel/repos/lunch-delivery-robot/robot/CalibracaoCamIMU/calibracao_ws/install/serial_comms/share/ament_index/resource_index/package_run_dependencies/serial_comms
[0.301s] -- Up-to-date: /home/gabriel/repos/lunch-delivery-robot/robot/CalibracaoCamIMU/calibracao_ws/install/serial_comms/share/ament_index/resource_index/parent_prefix_path/serial_comms
[0.301s] -- Up-to-date: /home/gabriel/repos/lunch-delivery-robot/robot/CalibracaoCamIMU/calibracao_ws/install/serial_comms/share/serial_comms/environment/ament_prefix_path.sh
[0.301s] -- Up-to-date: /home/gabriel/repos/lunch-delivery-robot/robot/CalibracaoCamIMU/calibracao_ws/install/serial_comms/share/serial_comms/environment/ament_prefix_path.dsv
[0.301s] -- Up-to-date: /home/gabriel/repos/lunch-delivery-robot/robot/CalibracaoCamIMU/calibracao_ws/install/serial_comms/share/serial_comms/environment/path.sh
[0.301s] -- Up-to-date: /home/gabriel/repos/lunch-delivery-robot/robot/CalibracaoCamIMU/calibracao_ws/install/serial_comms/share/serial_comms/environment/path.dsv
[0.302s] -- Up-to-date: /home/gabriel/repos/lunch-delivery-robot/robot/CalibracaoCamIMU/calibracao_ws/install/serial_comms/share/serial_comms/local_setup.bash
[0.302s] -- Up-to-date: /home/gabriel/repos/lunch-delivery-robot/robot/CalibracaoCamIMU/calibracao_ws/install/serial_comms/share/serial_comms/local_setup.sh
[0.302s] -- Up-to-date: /home/gabriel/repos/lunch-delivery-robot/robot/CalibracaoCamIMU/calibracao_ws/install/serial_comms/share/serial_comms/local_setup.zsh
[0.302s] -- Up-to-date: /home/gabriel/repos/lunch-delivery-robot/robot/CalibracaoCamIMU/calibracao_ws/install/serial_comms/share/serial_comms/local_setup.dsv
[0.302s] -- Installing: /home/gabriel/repos/lunch-delivery-robot/robot/CalibracaoCamIMU/calibracao_ws/install/serial_comms/share/serial_comms/package.dsv
[0.302s] -- Up-to-date: /home/gabriel/repos/lunch-delivery-robot/robot/CalibracaoCamIMU/calibracao_ws/install/serial_comms/share/ament_index/resource_index/packages/serial_comms
[0.303s] -- Up-to-date: /home/gabriel/repos/lunch-delivery-robot/robot/CalibracaoCamIMU/calibracao_ws/install/serial_comms/share/serial_comms/cmake/serial_commsConfig.cmake
[0.303s] -- Up-to-date: /home/gabriel/repos/lunch-delivery-robot/robot/CalibracaoCamIMU/calibracao_ws/install/serial_comms/share/serial_comms/cmake/serial_commsConfig-version.cmake
[0.303s] -- Up-to-date: /home/gabriel/repos/lunch-delivery-robot/robot/CalibracaoCamIMU/calibracao_ws/install/serial_comms/share/serial_comms/package.xml
[0.309s] Invoked command in '/home/gabriel/repos/lunch-delivery-robot/robot/CalibracaoCamIMU/calibracao_ws/build/serial_comms' returned '0': CMAKE_PREFIX_PATH=${CMAKE_PREFIX_PATH}:/opt/ros/kilted DEBUGINFOD_URLS=https://debuginfod.ubuntu.com /usr/bin/cmake --install /home/gabriel/repos/lunch-delivery-robot/robot/CalibracaoCamIMU/calibracao_ws/build/serial_comms
